<?xml version="1.0" encoding="UTF-8"?>
<testsuite xmlns:xsi="http://www.w3.org/2001/XMLSchema-instance" xsi:noNamespaceSchemaLocation="https://maven.apache.org/surefire/maven-surefire-plugin/xsd/surefire-test-report.xsd" name="com.nnk.springboot.controllers.TradeControllerTests" time="1.933" tests="11" errors="0" skipped="0" failures="10">
  <properties>
    <property name="java.specification.version" value="19"/>
    <property name="sun.jnu.encoding" value="UTF-8"/>
    <property name="java.class.path" value="/Users/comte0/openclassrooms/JavaDA_PROJECT7_RESTAPI/Poseiden-skeleton/target/test-classes:/Users/comte0/openclassrooms/JavaDA_PROJECT7_RESTAPI/Poseiden-skeleton/target/classes:/Users/comte0/.m2/repository/org/springframework/boot/spring-boot-starter-oauth2-client/2.5.6/spring-boot-starter-oauth2-client-2.5.6.jar:/Users/comte0/.m2/repository/org/springframework/boot/spring-boot-starter/2.5.6/spring-boot-starter-2.5.6.jar:/Users/comte0/.m2/repository/org/springframework/boot/spring-boot/2.5.6/spring-boot-2.5.6.jar:/Users/comte0/.m2/repository/org/springframework/boot/spring-boot-autoconfigure/2.5.6/spring-boot-autoconfigure-2.5.6.jar:/Users/comte0/.m2/repository/org/springframework/boot/spring-boot-starter-logging/2.5.6/spring-boot-starter-logging-2.5.6.jar:/Users/comte0/.m2/repository/ch/qos/logback/logback-classic/1.2.6/logback-classic-1.2.6.jar:/Users/comte0/.m2/repository/ch/qos/logback/logback-core/1.2.6/logback-core-1.2.6.jar:/Users/comte0/.m2/repository/org/apache/logging/log4j/log4j-to-slf4j/2.14.1/log4j-to-slf4j-2.14.1.jar:/Users/comte0/.m2/repository/org/apache/logging/log4j/log4j-api/2.14.1/log4j-api-2.14.1.jar:/Users/comte0/.m2/repository/org/slf4j/jul-to-slf4j/1.7.32/jul-to-slf4j-1.7.32.jar:/Users/comte0/.m2/repository/jakarta/annotation/jakarta.annotation-api/1.3.5/jakarta.annotation-api-1.3.5.jar:/Users/comte0/.m2/repository/org/yaml/snakeyaml/1.28/snakeyaml-1.28.jar:/Users/comte0/.m2/repository/org/springframework/security/spring-security-config/5.5.3/spring-security-config-5.5.3.jar:/Users/comte0/.m2/repository/org/springframework/security/spring-security-core/5.5.3/spring-security-core-5.5.3.jar:/Users/comte0/.m2/repository/org/springframework/security/spring-security-crypto/5.5.3/spring-security-crypto-5.5.3.jar:/Users/comte0/.m2/repository/org/springframework/spring-expression/5.3.12/spring-expression-5.3.12.jar:/Users/comte0/.m2/repository/org/springframework/security/spring-security-oauth2-client/5.5.3/spring-security-oauth2-client-5.5.3.jar:/Users/comte0/.m2/repository/org/springframework/security/spring-security-oauth2-core/5.5.3/spring-security-oauth2-core-5.5.3.jar:/Users/comte0/.m2/repository/com/nimbusds/oauth2-oidc-sdk/9.9.1/oauth2-oidc-sdk-9.9.1.jar:/Users/comte0/.m2/repository/com/github/stephenc/jcip/jcip-annotations/1.0-1/jcip-annotations-1.0-1.jar:/Users/comte0/.m2/repository/com/nimbusds/content-type/2.1/content-type-2.1.jar:/Users/comte0/.m2/repository/com/nimbusds/lang-tag/1.5/lang-tag-1.5.jar:/Users/comte0/.m2/repository/org/springframework/security/spring-security-oauth2-jose/5.5.3/spring-security-oauth2-jose-5.5.3.jar:/Users/comte0/.m2/repository/com/nimbusds/nimbus-jose-jwt/9.10.1/nimbus-jose-jwt-9.10.1.jar:/Users/comte0/.m2/repository/org/springframework/boot/spring-boot-starter-security/2.5.6/spring-boot-starter-security-2.5.6.jar:/Users/comte0/.m2/repository/org/springframework/spring-aop/5.3.12/spring-aop-5.3.12.jar:/Users/comte0/.m2/repository/org/springframework/security/spring-security-web/5.5.3/spring-security-web-5.5.3.jar:/Users/comte0/.m2/repository/org/springframework/boot/spring-boot-starter-web/2.5.6/spring-boot-starter-web-2.5.6.jar:/Users/comte0/.m2/repository/org/springframework/boot/spring-boot-starter-json/2.5.6/spring-boot-starter-json-2.5.6.jar:/Users/comte0/.m2/repository/com/fasterxml/jackson/core/jackson-databind/2.12.5/jackson-databind-2.12.5.jar:/Users/comte0/.m2/repository/com/fasterxml/jackson/core/jackson-annotations/2.12.5/jackson-annotations-2.12.5.jar:/Users/comte0/.m2/repository/com/fasterxml/jackson/core/jackson-core/2.12.5/jackson-core-2.12.5.jar:/Users/comte0/.m2/repository/com/fasterxml/jackson/datatype/jackson-datatype-jdk8/2.12.5/jackson-datatype-jdk8-2.12.5.jar:/Users/comte0/.m2/repository/com/fasterxml/jackson/datatype/jackson-datatype-jsr310/2.12.5/jackson-datatype-jsr310-2.12.5.jar:/Users/comte0/.m2/repository/com/fasterxml/jackson/module/jackson-module-parameter-names/2.12.5/jackson-module-parameter-names-2.12.5.jar:/Users/comte0/.m2/repository/org/springframework/boot/spring-boot-starter-tomcat/2.5.6/spring-boot-starter-tomcat-2.5.6.jar:/Users/comte0/.m2/repository/org/apache/tomcat/embed/tomcat-embed-core/9.0.54/tomcat-embed-core-9.0.54.jar:/Users/comte0/.m2/repository/org/apache/tomcat/embed/tomcat-embed-el/9.0.54/tomcat-embed-el-9.0.54.jar:/Users/comte0/.m2/repository/org/apache/tomcat/embed/tomcat-embed-websocket/9.0.54/tomcat-embed-websocket-9.0.54.jar:/Users/comte0/.m2/repository/org/springframework/spring-web/5.3.12/spring-web-5.3.12.jar:/Users/comte0/.m2/repository/org/springframework/spring-webmvc/5.3.12/spring-webmvc-5.3.12.jar:/Users/comte0/.m2/repository/org/springframework/boot/spring-boot-starter-test/2.5.6/spring-boot-starter-test-2.5.6.jar:/Users/comte0/.m2/repository/org/springframework/boot/spring-boot-test/2.5.6/spring-boot-test-2.5.6.jar:/Users/comte0/.m2/repository/org/springframework/boot/spring-boot-test-autoconfigure/2.5.6/spring-boot-test-autoconfigure-2.5.6.jar:/Users/comte0/.m2/repository/com/jayway/jsonpath/json-path/2.5.0/json-path-2.5.0.jar:/Users/comte0/.m2/repository/net/minidev/json-smart/2.4.7/json-smart-2.4.7.jar:/Users/comte0/.m2/repository/net/minidev/accessors-smart/2.4.7/accessors-smart-2.4.7.jar:/Users/comte0/.m2/repository/org/ow2/asm/asm/9.1/asm-9.1.jar:/Users/comte0/.m2/repository/jakarta/xml/bind/jakarta.xml.bind-api/2.3.3/jakarta.xml.bind-api-2.3.3.jar:/Users/comte0/.m2/repository/jakarta/activation/jakarta.activation-api/1.2.2/jakarta.activation-api-1.2.2.jar:/Users/comte0/.m2/repository/org/assertj/assertj-core/3.19.0/assertj-core-3.19.0.jar:/Users/comte0/.m2/repository/org/hamcrest/hamcrest/2.2/hamcrest-2.2.jar:/Users/comte0/.m2/repository/org/junit/jupiter/junit-jupiter/5.7.2/junit-jupiter-5.7.2.jar:/Users/comte0/.m2/repository/org/junit/jupiter/junit-jupiter-api/5.7.2/junit-jupiter-api-5.7.2.jar:/Users/comte0/.m2/repository/org/apiguardian/apiguardian-api/1.1.0/apiguardian-api-1.1.0.jar:/Users/comte0/.m2/repository/org/opentest4j/opentest4j/1.2.0/opentest4j-1.2.0.jar:/Users/comte0/.m2/repository/org/junit/platform/junit-platform-commons/1.7.2/junit-platform-commons-1.7.2.jar:/Users/comte0/.m2/repository/org/junit/jupiter/junit-jupiter-params/5.7.2/junit-jupiter-params-5.7.2.jar:/Users/comte0/.m2/repository/org/junit/jupiter/junit-jupiter-engine/5.7.2/junit-jupiter-engine-5.7.2.jar:/Users/comte0/.m2/repository/org/junit/platform/junit-platform-engine/1.7.2/junit-platform-engine-1.7.2.jar:/Users/comte0/.m2/repository/org/mockito/mockito-core/3.9.0/mockito-core-3.9.0.jar:/Users/comte0/.m2/repository/net/bytebuddy/byte-buddy-agent/1.10.22/byte-buddy-agent-1.10.22.jar:/Users/comte0/.m2/repository/org/objenesis/objenesis/3.2/objenesis-3.2.jar:/Users/comte0/.m2/repository/org/mockito/mockito-junit-jupiter/3.9.0/mockito-junit-jupiter-3.9.0.jar:/Users/comte0/.m2/repository/org/skyscreamer/jsonassert/1.5.0/jsonassert-1.5.0.jar:/Users/comte0/.m2/repository/com/vaadin/external/google/android-json/0.0.20131108.vaadin1/android-json-0.0.20131108.vaadin1.jar:/Users/comte0/.m2/repository/org/springframework/spring-core/5.3.12/spring-core-5.3.12.jar:/Users/comte0/.m2/repository/org/springframework/spring-jcl/5.3.12/spring-jcl-5.3.12.jar:/Users/comte0/.m2/repository/org/springframework/spring-test/5.3.12/spring-test-5.3.12.jar:/Users/comte0/.m2/repository/org/xmlunit/xmlunit-core/2.8.3/xmlunit-core-2.8.3.jar:/Users/comte0/.m2/repository/org/springframework/security/spring-security-test/5.5.3/spring-security-test-5.5.3.jar:/Users/comte0/.m2/repository/org/springframework/boot/spring-boot-starter-thymeleaf/2.7.4/spring-boot-starter-thymeleaf-2.7.4.jar:/Users/comte0/.m2/repository/org/thymeleaf/thymeleaf-spring5/3.0.12.RELEASE/thymeleaf-spring5-3.0.12.RELEASE.jar:/Users/comte0/.m2/repository/org/thymeleaf/thymeleaf/3.0.12.RELEASE/thymeleaf-3.0.12.RELEASE.jar:/Users/comte0/.m2/repository/org/attoparser/attoparser/2.0.5.RELEASE/attoparser-2.0.5.RELEASE.jar:/Users/comte0/.m2/repository/org/unbescape/unbescape/1.1.6.RELEASE/unbescape-1.1.6.RELEASE.jar:/Users/comte0/.m2/repository/org/thymeleaf/extras/thymeleaf-extras-java8time/3.0.4.RELEASE/thymeleaf-extras-java8time-3.0.4.RELEASE.jar:/Users/comte0/.m2/repository/org/projectlombok/lombok/1.18.24/lombok-1.18.24.jar:/Users/comte0/.m2/repository/javax/validation/validation-api/2.0.1.Final/validation-api-2.0.1.Final.jar:/Users/comte0/.m2/repository/org/hibernate/hibernate-core/5.4.32.Final/hibernate-core-5.4.32.Final.jar:/Users/comte0/.m2/repository/org/jboss/logging/jboss-logging/3.4.2.Final/jboss-logging-3.4.2.Final.jar:/Users/comte0/.m2/repository/javax/persistence/javax.persistence-api/2.2/javax.persistence-api-2.2.jar:/Users/comte0/.m2/repository/org/javassist/javassist/3.27.0-GA/javassist-3.27.0-GA.jar:/Users/comte0/.m2/repository/net/bytebuddy/byte-buddy/1.10.22/byte-buddy-1.10.22.jar:/Users/comte0/.m2/repository/antlr/antlr/2.7.7/antlr-2.7.7.jar:/Users/comte0/.m2/repository/org/jboss/spec/javax/transaction/jboss-transaction-api_1.2_spec/1.1.1.Final/jboss-transaction-api_1.2_spec-1.1.1.Final.jar:/Users/comte0/.m2/repository/org/jboss/jandex/2.2.3.Final/jandex-2.2.3.Final.jar:/Users/comte0/.m2/repository/com/fasterxml/classmate/1.5.1/classmate-1.5.1.jar:/Users/comte0/.m2/repository/javax/activation/javax.activation-api/1.2.0/javax.activation-api-1.2.0.jar:/Users/comte0/.m2/repository/org/dom4j/dom4j/2.1.3/dom4j-2.1.3.jar:/Users/comte0/.m2/repository/org/hibernate/common/hibernate-commons-annotations/5.1.2.Final/hibernate-commons-annotations-5.1.2.Final.jar:/Users/comte0/.m2/repository/javax/xml/bind/jaxb-api/2.3.1/jaxb-api-2.3.1.jar:/Users/comte0/.m2/repository/org/glassfish/jaxb/jaxb-runtime/2.3.5/jaxb-runtime-2.3.5.jar:/Users/comte0/.m2/repository/org/glassfish/jaxb/txw2/2.3.5/txw2-2.3.5.jar:/Users/comte0/.m2/repository/com/sun/istack/istack-commons-runtime/3.0.12/istack-commons-runtime-3.0.12.jar:/Users/comte0/.m2/repository/com/sun/activation/jakarta.activation/1.2.2/jakarta.activation-1.2.2.jar:/Users/comte0/.m2/repository/org/springframework/data/spring-data-jpa/2.5.6/spring-data-jpa-2.5.6.jar:/Users/comte0/.m2/repository/org/springframework/data/spring-data-commons/2.5.6/spring-data-commons-2.5.6.jar:/Users/comte0/.m2/repository/org/springframework/spring-orm/5.3.12/spring-orm-5.3.12.jar:/Users/comte0/.m2/repository/org/springframework/spring-jdbc/5.3.12/spring-jdbc-5.3.12.jar:/Users/comte0/.m2/repository/org/springframework/spring-context/5.3.12/spring-context-5.3.12.jar:/Users/comte0/.m2/repository/org/springframework/spring-tx/5.3.12/spring-tx-5.3.12.jar:/Users/comte0/.m2/repository/org/springframework/spring-beans/5.3.12/spring-beans-5.3.12.jar:/Users/comte0/.m2/repository/org/aspectj/aspectjrt/1.9.7/aspectjrt-1.9.7.jar:/Users/comte0/.m2/repository/org/slf4j/slf4j-api/1.7.32/slf4j-api-1.7.32.jar:"/>
    <property name="java.vm.vendor" value="Homebrew"/>
    <property name="sun.arch.data.model" value="64"/>
    <property name="java.vendor.url" value="https://github.com/Homebrew/homebrew-core/issues"/>
    <property name="os.name" value="Mac OS X"/>
    <property name="java.vm.specification.version" value="19"/>
    <property name="sun.java.launcher" value="SUN_STANDARD"/>
    <property name="user.country" value="FR"/>
    <property name="sun.boot.library.path" value="/opt/homebrew/Cellar/openjdk/19/libexec/openjdk.jdk/Contents/Home/lib"/>
    <property name="sun.java.command" value="/Users/comte0/openclassrooms/JavaDA_PROJECT7_RESTAPI/Poseiden-skeleton/target/surefire/surefirebooter16202244039657184869.jar /Users/comte0/openclassrooms/JavaDA_PROJECT7_RESTAPI/Poseiden-skeleton/target/surefire 2022-10-14T16-04-21_373-jvmRun1 surefire691563914870767559tmp surefire_016415223534881950768tmp"/>
    <property name="http.nonProxyHosts" value="local|*.local|169.254/16|*.169.254/16"/>
    <property name="jdk.debug" value="release"/>
    <property name="surefire.test.class.path" value="/Users/comte0/openclassrooms/JavaDA_PROJECT7_RESTAPI/Poseiden-skeleton/target/test-classes:/Users/comte0/openclassrooms/JavaDA_PROJECT7_RESTAPI/Poseiden-skeleton/target/classes:/Users/comte0/.m2/repository/org/springframework/boot/spring-boot-starter-oauth2-client/2.5.6/spring-boot-starter-oauth2-client-2.5.6.jar:/Users/comte0/.m2/repository/org/springframework/boot/spring-boot-starter/2.5.6/spring-boot-starter-2.5.6.jar:/Users/comte0/.m2/repository/org/springframework/boot/spring-boot/2.5.6/spring-boot-2.5.6.jar:/Users/comte0/.m2/repository/org/springframework/boot/spring-boot-autoconfigure/2.5.6/spring-boot-autoconfigure-2.5.6.jar:/Users/comte0/.m2/repository/org/springframework/boot/spring-boot-starter-logging/2.5.6/spring-boot-starter-logging-2.5.6.jar:/Users/comte0/.m2/repository/ch/qos/logback/logback-classic/1.2.6/logback-classic-1.2.6.jar:/Users/comte0/.m2/repository/ch/qos/logback/logback-core/1.2.6/logback-core-1.2.6.jar:/Users/comte0/.m2/repository/org/apache/logging/log4j/log4j-to-slf4j/2.14.1/log4j-to-slf4j-2.14.1.jar:/Users/comte0/.m2/repository/org/apache/logging/log4j/log4j-api/2.14.1/log4j-api-2.14.1.jar:/Users/comte0/.m2/repository/org/slf4j/jul-to-slf4j/1.7.32/jul-to-slf4j-1.7.32.jar:/Users/comte0/.m2/repository/jakarta/annotation/jakarta.annotation-api/1.3.5/jakarta.annotation-api-1.3.5.jar:/Users/comte0/.m2/repository/org/yaml/snakeyaml/1.28/snakeyaml-1.28.jar:/Users/comte0/.m2/repository/org/springframework/security/spring-security-config/5.5.3/spring-security-config-5.5.3.jar:/Users/comte0/.m2/repository/org/springframework/security/spring-security-core/5.5.3/spring-security-core-5.5.3.jar:/Users/comte0/.m2/repository/org/springframework/security/spring-security-crypto/5.5.3/spring-security-crypto-5.5.3.jar:/Users/comte0/.m2/repository/org/springframework/spring-expression/5.3.12/spring-expression-5.3.12.jar:/Users/comte0/.m2/repository/org/springframework/security/spring-security-oauth2-client/5.5.3/spring-security-oauth2-client-5.5.3.jar:/Users/comte0/.m2/repository/org/springframework/security/spring-security-oauth2-core/5.5.3/spring-security-oauth2-core-5.5.3.jar:/Users/comte0/.m2/repository/com/nimbusds/oauth2-oidc-sdk/9.9.1/oauth2-oidc-sdk-9.9.1.jar:/Users/comte0/.m2/repository/com/github/stephenc/jcip/jcip-annotations/1.0-1/jcip-annotations-1.0-1.jar:/Users/comte0/.m2/repository/com/nimbusds/content-type/2.1/content-type-2.1.jar:/Users/comte0/.m2/repository/com/nimbusds/lang-tag/1.5/lang-tag-1.5.jar:/Users/comte0/.m2/repository/org/springframework/security/spring-security-oauth2-jose/5.5.3/spring-security-oauth2-jose-5.5.3.jar:/Users/comte0/.m2/repository/com/nimbusds/nimbus-jose-jwt/9.10.1/nimbus-jose-jwt-9.10.1.jar:/Users/comte0/.m2/repository/org/springframework/boot/spring-boot-starter-security/2.5.6/spring-boot-starter-security-2.5.6.jar:/Users/comte0/.m2/repository/org/springframework/spring-aop/5.3.12/spring-aop-5.3.12.jar:/Users/comte0/.m2/repository/org/springframework/security/spring-security-web/5.5.3/spring-security-web-5.5.3.jar:/Users/comte0/.m2/repository/org/springframework/boot/spring-boot-starter-web/2.5.6/spring-boot-starter-web-2.5.6.jar:/Users/comte0/.m2/repository/org/springframework/boot/spring-boot-starter-json/2.5.6/spring-boot-starter-json-2.5.6.jar:/Users/comte0/.m2/repository/com/fasterxml/jackson/core/jackson-databind/2.12.5/jackson-databind-2.12.5.jar:/Users/comte0/.m2/repository/com/fasterxml/jackson/core/jackson-annotations/2.12.5/jackson-annotations-2.12.5.jar:/Users/comte0/.m2/repository/com/fasterxml/jackson/core/jackson-core/2.12.5/jackson-core-2.12.5.jar:/Users/comte0/.m2/repository/com/fasterxml/jackson/datatype/jackson-datatype-jdk8/2.12.5/jackson-datatype-jdk8-2.12.5.jar:/Users/comte0/.m2/repository/com/fasterxml/jackson/datatype/jackson-datatype-jsr310/2.12.5/jackson-datatype-jsr310-2.12.5.jar:/Users/comte0/.m2/repository/com/fasterxml/jackson/module/jackson-module-parameter-names/2.12.5/jackson-module-parameter-names-2.12.5.jar:/Users/comte0/.m2/repository/org/springframework/boot/spring-boot-starter-tomcat/2.5.6/spring-boot-starter-tomcat-2.5.6.jar:/Users/comte0/.m2/repository/org/apache/tomcat/embed/tomcat-embed-core/9.0.54/tomcat-embed-core-9.0.54.jar:/Users/comte0/.m2/repository/org/apache/tomcat/embed/tomcat-embed-el/9.0.54/tomcat-embed-el-9.0.54.jar:/Users/comte0/.m2/repository/org/apache/tomcat/embed/tomcat-embed-websocket/9.0.54/tomcat-embed-websocket-9.0.54.jar:/Users/comte0/.m2/repository/org/springframework/spring-web/5.3.12/spring-web-5.3.12.jar:/Users/comte0/.m2/repository/org/springframework/spring-webmvc/5.3.12/spring-webmvc-5.3.12.jar:/Users/comte0/.m2/repository/org/springframework/boot/spring-boot-starter-test/2.5.6/spring-boot-starter-test-2.5.6.jar:/Users/comte0/.m2/repository/org/springframework/boot/spring-boot-test/2.5.6/spring-boot-test-2.5.6.jar:/Users/comte0/.m2/repository/org/springframework/boot/spring-boot-test-autoconfigure/2.5.6/spring-boot-test-autoconfigure-2.5.6.jar:/Users/comte0/.m2/repository/com/jayway/jsonpath/json-path/2.5.0/json-path-2.5.0.jar:/Users/comte0/.m2/repository/net/minidev/json-smart/2.4.7/json-smart-2.4.7.jar:/Users/comte0/.m2/repository/net/minidev/accessors-smart/2.4.7/accessors-smart-2.4.7.jar:/Users/comte0/.m2/repository/org/ow2/asm/asm/9.1/asm-9.1.jar:/Users/comte0/.m2/repository/jakarta/xml/bind/jakarta.xml.bind-api/2.3.3/jakarta.xml.bind-api-2.3.3.jar:/Users/comte0/.m2/repository/jakarta/activation/jakarta.activation-api/1.2.2/jakarta.activation-api-1.2.2.jar:/Users/comte0/.m2/repository/org/assertj/assertj-core/3.19.0/assertj-core-3.19.0.jar:/Users/comte0/.m2/repository/org/hamcrest/hamcrest/2.2/hamcrest-2.2.jar:/Users/comte0/.m2/repository/org/junit/jupiter/junit-jupiter/5.7.2/junit-jupiter-5.7.2.jar:/Users/comte0/.m2/repository/org/junit/jupiter/junit-jupiter-api/5.7.2/junit-jupiter-api-5.7.2.jar:/Users/comte0/.m2/repository/org/apiguardian/apiguardian-api/1.1.0/apiguardian-api-1.1.0.jar:/Users/comte0/.m2/repository/org/opentest4j/opentest4j/1.2.0/opentest4j-1.2.0.jar:/Users/comte0/.m2/repository/org/junit/platform/junit-platform-commons/1.7.2/junit-platform-commons-1.7.2.jar:/Users/comte0/.m2/repository/org/junit/jupiter/junit-jupiter-params/5.7.2/junit-jupiter-params-5.7.2.jar:/Users/comte0/.m2/repository/org/junit/jupiter/junit-jupiter-engine/5.7.2/junit-jupiter-engine-5.7.2.jar:/Users/comte0/.m2/repository/org/junit/platform/junit-platform-engine/1.7.2/junit-platform-engine-1.7.2.jar:/Users/comte0/.m2/repository/org/mockito/mockito-core/3.9.0/mockito-core-3.9.0.jar:/Users/comte0/.m2/repository/net/bytebuddy/byte-buddy-agent/1.10.22/byte-buddy-agent-1.10.22.jar:/Users/comte0/.m2/repository/org/objenesis/objenesis/3.2/objenesis-3.2.jar:/Users/comte0/.m2/repository/org/mockito/mockito-junit-jupiter/3.9.0/mockito-junit-jupiter-3.9.0.jar:/Users/comte0/.m2/repository/org/skyscreamer/jsonassert/1.5.0/jsonassert-1.5.0.jar:/Users/comte0/.m2/repository/com/vaadin/external/google/android-json/0.0.20131108.vaadin1/android-json-0.0.20131108.vaadin1.jar:/Users/comte0/.m2/repository/org/springframework/spring-core/5.3.12/spring-core-5.3.12.jar:/Users/comte0/.m2/repository/org/springframework/spring-jcl/5.3.12/spring-jcl-5.3.12.jar:/Users/comte0/.m2/repository/org/springframework/spring-test/5.3.12/spring-test-5.3.12.jar:/Users/comte0/.m2/repository/org/xmlunit/xmlunit-core/2.8.3/xmlunit-core-2.8.3.jar:/Users/comte0/.m2/repository/org/springframework/security/spring-security-test/5.5.3/spring-security-test-5.5.3.jar:/Users/comte0/.m2/repository/org/springframework/boot/spring-boot-starter-thymeleaf/2.7.4/spring-boot-starter-thymeleaf-2.7.4.jar:/Users/comte0/.m2/repository/org/thymeleaf/thymeleaf-spring5/3.0.12.RELEASE/thymeleaf-spring5-3.0.12.RELEASE.jar:/Users/comte0/.m2/repository/org/thymeleaf/thymeleaf/3.0.12.RELEASE/thymeleaf-3.0.12.RELEASE.jar:/Users/comte0/.m2/repository/org/attoparser/attoparser/2.0.5.RELEASE/attoparser-2.0.5.RELEASE.jar:/Users/comte0/.m2/repository/org/unbescape/unbescape/1.1.6.RELEASE/unbescape-1.1.6.RELEASE.jar:/Users/comte0/.m2/repository/org/thymeleaf/extras/thymeleaf-extras-java8time/3.0.4.RELEASE/thymeleaf-extras-java8time-3.0.4.RELEASE.jar:/Users/comte0/.m2/repository/org/projectlombok/lombok/1.18.24/lombok-1.18.24.jar:/Users/comte0/.m2/repository/javax/validation/validation-api/2.0.1.Final/validation-api-2.0.1.Final.jar:/Users/comte0/.m2/repository/org/hibernate/hibernate-core/5.4.32.Final/hibernate-core-5.4.32.Final.jar:/Users/comte0/.m2/repository/org/jboss/logging/jboss-logging/3.4.2.Final/jboss-logging-3.4.2.Final.jar:/Users/comte0/.m2/repository/javax/persistence/javax.persistence-api/2.2/javax.persistence-api-2.2.jar:/Users/comte0/.m2/repository/org/javassist/javassist/3.27.0-GA/javassist-3.27.0-GA.jar:/Users/comte0/.m2/repository/net/bytebuddy/byte-buddy/1.10.22/byte-buddy-1.10.22.jar:/Users/comte0/.m2/repository/antlr/antlr/2.7.7/antlr-2.7.7.jar:/Users/comte0/.m2/repository/org/jboss/spec/javax/transaction/jboss-transaction-api_1.2_spec/1.1.1.Final/jboss-transaction-api_1.2_spec-1.1.1.Final.jar:/Users/comte0/.m2/repository/org/jboss/jandex/2.2.3.Final/jandex-2.2.3.Final.jar:/Users/comte0/.m2/repository/com/fasterxml/classmate/1.5.1/classmate-1.5.1.jar:/Users/comte0/.m2/repository/javax/activation/javax.activation-api/1.2.0/javax.activation-api-1.2.0.jar:/Users/comte0/.m2/repository/org/dom4j/dom4j/2.1.3/dom4j-2.1.3.jar:/Users/comte0/.m2/repository/org/hibernate/common/hibernate-commons-annotations/5.1.2.Final/hibernate-commons-annotations-5.1.2.Final.jar:/Users/comte0/.m2/repository/javax/xml/bind/jaxb-api/2.3.1/jaxb-api-2.3.1.jar:/Users/comte0/.m2/repository/org/glassfish/jaxb/jaxb-runtime/2.3.5/jaxb-runtime-2.3.5.jar:/Users/comte0/.m2/repository/org/glassfish/jaxb/txw2/2.3.5/txw2-2.3.5.jar:/Users/comte0/.m2/repository/com/sun/istack/istack-commons-runtime/3.0.12/istack-commons-runtime-3.0.12.jar:/Users/comte0/.m2/repository/com/sun/activation/jakarta.activation/1.2.2/jakarta.activation-1.2.2.jar:/Users/comte0/.m2/repository/org/springframework/data/spring-data-jpa/2.5.6/spring-data-jpa-2.5.6.jar:/Users/comte0/.m2/repository/org/springframework/data/spring-data-commons/2.5.6/spring-data-commons-2.5.6.jar:/Users/comte0/.m2/repository/org/springframework/spring-orm/5.3.12/spring-orm-5.3.12.jar:/Users/comte0/.m2/repository/org/springframework/spring-jdbc/5.3.12/spring-jdbc-5.3.12.jar:/Users/comte0/.m2/repository/org/springframework/spring-context/5.3.12/spring-context-5.3.12.jar:/Users/comte0/.m2/repository/org/springframework/spring-tx/5.3.12/spring-tx-5.3.12.jar:/Users/comte0/.m2/repository/org/springframework/spring-beans/5.3.12/spring-beans-5.3.12.jar:/Users/comte0/.m2/repository/org/aspectj/aspectjrt/1.9.7/aspectjrt-1.9.7.jar:/Users/comte0/.m2/repository/org/slf4j/slf4j-api/1.7.32/slf4j-api-1.7.32.jar:"/>
    <property name="sun.cpu.endian" value="little"/>
    <property name="user.home" value="/Users/comte0"/>
    <property name="user.language" value="fr"/>
    <property name="java.specification.vendor" value="Oracle Corporation"/>
    <property name="java.version.date" value="2022-09-20"/>
    <property name="java.home" value="/opt/homebrew/Cellar/openjdk/19/libexec/openjdk.jdk/Contents/Home"/>
    <property name="file.separator" value="/"/>
    <property name="basedir" value="/Users/comte0/openclassrooms/JavaDA_PROJECT7_RESTAPI/Poseiden-skeleton"/>
    <property name="java.vm.compressedOopsMode" value="Zero based"/>
    <property name="line.separator" value="&#10;"/>
    <property name="java.vm.specification.vendor" value="Oracle Corporation"/>
    <property name="java.specification.name" value="Java Platform API Specification"/>
    <property name="apple.awt.application.name" value="ForkedBooter"/>
    <property name="surefire.real.class.path" value="/Users/comte0/openclassrooms/JavaDA_PROJECT7_RESTAPI/Poseiden-skeleton/target/surefire/surefirebooter16202244039657184869.jar"/>
    <property name="sun.management.compiler" value="HotSpot 64-Bit Tiered Compilers"/>
    <property name="ftp.nonProxyHosts" value="local|*.local|169.254/16|*.169.254/16"/>
    <property name="java.runtime.version" value="19"/>
    <property name="user.name" value="comte0"/>
    <property name="stdout.encoding" value="UTF-8"/>
    <property name="path.separator" value=":"/>
    <property name="os.version" value="12.6"/>
    <property name="java.runtime.name" value="OpenJDK Runtime Environment"/>
    <property name="file.encoding" value="UTF-8"/>
    <property name="java.vm.name" value="OpenJDK 64-Bit Server VM"/>
    <property name="java.vendor.version" value="Homebrew"/>
    <property name="localRepository" value="/Users/comte0/.m2/repository"/>
    <property name="java.vendor.url.bug" value="https://github.com/Homebrew/homebrew-core/issues"/>
    <property name="java.io.tmpdir" value="/var/folders/tn/9bvtpwcj0tz89v4gq5nt70rh0000gn/T/"/>
    <property name="idea.version" value="2022.2"/>
    <property name="java.version" value="19"/>
    <property name="user.dir" value="/Users/comte0/openclassrooms/JavaDA_PROJECT7_RESTAPI/Poseiden-skeleton"/>
    <property name="os.arch" value="aarch64"/>
    <property name="java.vm.specification.name" value="Java Virtual Machine Specification"/>
    <property name="native.encoding" value="UTF-8"/>
    <property name="java.library.path" value="/Users/comte0/Library/Java/Extensions:/Library/Java/Extensions:/Network/Library/Java/Extensions:/System/Library/Java/Extensions:/usr/lib/java:."/>
    <property name="java.vm.info" value="mixed mode, sharing"/>
    <property name="stderr.encoding" value="UTF-8"/>
    <property name="java.vendor" value="Homebrew"/>
    <property name="java.vm.version" value="19"/>
    <property name="sun.io.unicode.encoding" value="UnicodeBig"/>
    <property name="socksNonProxyHosts" value="local|*.local|169.254/16|*.169.254/16"/>
    <property name="java.class.version" value="63.0"/>
  </properties>
  <testcase name="tradeGetUpdateWithErrors" classname="com.nnk.springboot.controllers.TradeControllerTests" time="0.06">
    <failure message="Status expected:&lt;302&gt; but was:&lt;404&gt;" type="java.lang.AssertionError"><![CDATA[java.lang.AssertionError: Status expected:<302> but was:<404>
	at com.nnk.springboot.controllers.TradeControllerTests.tradeGetUpdateWithErrors(TradeControllerTests.java:114)
]]></failure>
    <system-out><![CDATA[16:04:23.064 [main] DEBUG org.springframework.test.context.BootstrapUtils - Instantiating CacheAwareContextLoaderDelegate from class [org.springframework.test.context.cache.DefaultCacheAwareContextLoaderDelegate]
16:04:23.072 [main] DEBUG org.springframework.test.context.BootstrapUtils - Instantiating BootstrapContext using constructor [public org.springframework.test.context.support.DefaultBootstrapContext(java.lang.Class,org.springframework.test.context.CacheAwareContextLoaderDelegate)]
16:04:23.135 [main] DEBUG org.springframework.test.context.BootstrapUtils - Instantiating TestContextBootstrapper for test class [com.nnk.springboot.controllers.TradeControllerTests] from class [org.springframework.boot.test.autoconfigure.web.servlet.WebMvcTestContextBootstrapper]
16:04:23.150 [main] INFO org.springframework.boot.test.autoconfigure.web.servlet.WebMvcTestContextBootstrapper - Neither @ContextConfiguration nor @ContextHierarchy found for test class [com.nnk.springboot.controllers.TradeControllerTests], using SpringBootContextLoader
16:04:23.155 [main] DEBUG org.springframework.test.context.support.AbstractContextLoader - Did not detect default resource location for test class [com.nnk.springboot.controllers.TradeControllerTests]: class path resource [com/nnk/springboot/controllers/TradeControllerTests-context.xml] does not exist
16:04:23.155 [main] DEBUG org.springframework.test.context.support.AbstractContextLoader - Did not detect default resource location for test class [com.nnk.springboot.controllers.TradeControllerTests]: class path resource [com/nnk/springboot/controllers/TradeControllerTestsContext.groovy] does not exist
16:04:23.155 [main] INFO org.springframework.test.context.support.AbstractContextLoader - Could not detect default resource locations for test class [com.nnk.springboot.controllers.TradeControllerTests]: no resource found for suffixes {-context.xml, Context.groovy}.
16:04:23.156 [main] INFO org.springframework.test.context.support.AnnotationConfigContextLoaderUtils - Could not detect default configuration classes for test class [com.nnk.springboot.controllers.TradeControllerTests]: TradeControllerTests does not declare any static, non-private, non-final, nested classes annotated with @Configuration.
16:04:23.219 [main] DEBUG org.springframework.test.context.support.ActiveProfilesUtils - Could not find an 'annotation declaring class' for annotation type [org.springframework.test.context.ActiveProfiles] and class [com.nnk.springboot.controllers.TradeControllerTests]
16:04:23.277 [main] DEBUG org.springframework.context.annotation.ClassPathScanningCandidateComponentProvider - Identified candidate component class: file [/Users/comte0/openclassrooms/JavaDA_PROJECT7_RESTAPI/Poseiden-skeleton/target/classes/com/nnk/springboot/Application.class]
16:04:23.279 [main] INFO org.springframework.boot.test.context.SpringBootTestContextBootstrapper - Found @SpringBootConfiguration com.nnk.springboot.Application for test class com.nnk.springboot.controllers.TradeControllerTests
16:04:23.281 [main] DEBUG org.springframework.boot.test.autoconfigure.web.servlet.WebMvcTestContextBootstrapper - @TestExecutionListeners is not present for class [com.nnk.springboot.controllers.TradeControllerTests]: using defaults.
16:04:23.281 [main] INFO org.springframework.boot.test.autoconfigure.web.servlet.WebMvcTestContextBootstrapper - Loaded default TestExecutionListener class names from location [META-INF/spring.factories]: [org.springframework.boot.test.mock.mockito.MockitoTestExecutionListener, org.springframework.boot.test.mock.mockito.ResetMocksTestExecutionListener, org.springframework.boot.test.autoconfigure.restdocs.RestDocsTestExecutionListener, org.springframework.boot.test.autoconfigure.web.client.MockRestServiceServerResetTestExecutionListener, org.springframework.boot.test.autoconfigure.web.servlet.MockMvcPrintOnlyOnFailureTestExecutionListener, org.springframework.boot.test.autoconfigure.web.servlet.WebDriverTestExecutionListener, org.springframework.boot.test.autoconfigure.webservices.client.MockWebServiceServerTestExecutionListener, org.springframework.test.context.web.ServletTestExecutionListener, org.springframework.test.context.support.DirtiesContextBeforeModesTestExecutionListener, org.springframework.test.context.event.ApplicationEventsTestExecutionListener, org.springframework.test.context.support.DependencyInjectionTestExecutionListener, org.springframework.test.context.support.DirtiesContextTestExecutionListener, org.springframework.test.context.transaction.TransactionalTestExecutionListener, org.springframework.test.context.jdbc.SqlScriptsTestExecutionListener, org.springframework.test.context.event.EventPublishingTestExecutionListener, org.springframework.security.test.context.support.WithSecurityContextTestExecutionListener, org.springframework.security.test.context.support.ReactorContextTestExecutionListener]
16:04:23.296 [main] INFO org.springframework.boot.test.autoconfigure.web.servlet.WebMvcTestContextBootstrapper - Using TestExecutionListeners: [org.springframework.test.context.web.ServletTestExecutionListener@5d9618f2, org.springframework.test.context.support.DirtiesContextBeforeModesTestExecutionListener@7c7e73c5, org.springframework.test.context.event.ApplicationEventsTestExecutionListener@13cc0b90, org.springframework.boot.test.mock.mockito.MockitoTestExecutionListener@58687fb7, org.springframework.boot.test.autoconfigure.SpringBootDependencyInjectionTestExecutionListener@3554bdc0, org.springframework.test.context.support.DirtiesContextTestExecutionListener@3a3b10f4, org.springframework.test.context.transaction.TransactionalTestExecutionListener@49580ca8, org.springframework.test.context.jdbc.SqlScriptsTestExecutionListener@525647f3, org.springframework.test.context.event.EventPublishingTestExecutionListener@42fc4ac4, org.springframework.security.test.context.support.WithSecurityContextTestExecutionListener@20a24edf, org.springframework.security.test.context.support.ReactorContextTestExecutionListener@29962b2f, org.springframework.boot.test.mock.mockito.ResetMocksTestExecutionListener@491f8831, org.springframework.boot.test.autoconfigure.restdocs.RestDocsTestExecutionListener@691541bc, org.springframework.boot.test.autoconfigure.web.client.MockRestServiceServerResetTestExecutionListener@5b733ef7, org.springframework.boot.test.autoconfigure.web.servlet.MockMvcPrintOnlyOnFailureTestExecutionListener@43a4a9e5, org.springframework.boot.test.autoconfigure.web.servlet.WebDriverTestExecutionListener@764fffa0, org.springframework.boot.test.autoconfigure.webservices.client.MockWebServiceServerTestExecutionListener@35145874]
16:04:23.299 [main] DEBUG org.springframework.test.context.support.AbstractDirtiesContextTestExecutionListener - Before test class: context [DefaultTestContext@56a4abd0 testClass = TradeControllerTests, testInstance = [null], testMethod = [null], testException = [null], mergedContextConfiguration = [WebMergedContextConfiguration@5eed6dfb testClass = TradeControllerTests, locations = '{}', classes = '{class com.nnk.springboot.Application}', contextInitializerClasses = '[]', activeProfiles = '{}', propertySourceLocations = '{}', propertySourceProperties = '{org.springframework.boot.test.autoconfigure.web.servlet.WebMvcTestContextBootstrapper=true}', contextCustomizers = set[[ImportsContextCustomizer@5600a5da key = [org.springframework.boot.autoconfigure.cache.CacheAutoConfiguration, org.springframework.boot.autoconfigure.context.MessageSourceAutoConfiguration, org.springframework.boot.autoconfigure.data.web.SpringDataWebAutoConfiguration, org.springframework.boot.autoconfigure.freemarker.FreeMarkerAutoConfiguration, org.springframework.boot.autoconfigure.groovy.template.GroovyTemplateAutoConfiguration, org.springframework.boot.autoconfigure.gson.GsonAutoConfiguration, org.springframework.boot.autoconfigure.hateoas.HypermediaAutoConfiguration, org.springframework.boot.autoconfigure.http.HttpMessageConvertersAutoConfiguration, org.springframework.boot.autoconfigure.jackson.JacksonAutoConfiguration, org.springframework.boot.autoconfigure.jsonb.JsonbAutoConfiguration, org.springframework.boot.autoconfigure.mustache.MustacheAutoConfiguration, org.springframework.boot.autoconfigure.task.TaskExecutionAutoConfiguration, org.springframework.boot.autoconfigure.thymeleaf.ThymeleafAutoConfiguration, org.springframework.boot.autoconfigure.validation.ValidationAutoConfiguration, org.springframework.boot.autoconfigure.web.servlet.error.ErrorMvcAutoConfiguration, org.springframework.boot.autoconfigure.web.servlet.HttpEncodingAutoConfiguration, org.springframework.boot.autoconfigure.web.servlet.WebMvcAutoConfiguration, org.springframework.boot.test.autoconfigure.web.servlet.MockMvcAutoConfiguration, org.springframework.boot.test.autoconfigure.web.servlet.MockMvcWebClientAutoConfiguration, org.springframework.boot.test.autoconfigure.web.servlet.MockMvcWebDriverAutoConfiguration, org.springframework.boot.autoconfigure.security.oauth2.client.servlet.OAuth2ClientAutoConfiguration, org.springframework.boot.autoconfigure.security.oauth2.resource.servlet.OAuth2ResourceServerAutoConfiguration, org.springframework.boot.autoconfigure.security.servlet.SecurityAutoConfiguration, org.springframework.boot.autoconfigure.security.servlet.SecurityFilterAutoConfiguration, org.springframework.boot.autoconfigure.security.servlet.UserDetailsServiceAutoConfiguration, org.springframework.boot.test.autoconfigure.web.servlet.MockMvcSecurityConfiguration]], org.springframework.boot.test.context.filter.ExcludeFilterContextCustomizer@91da29b, org.springframework.boot.test.json.DuplicateJsonObjectContextCustomizerFactory$DuplicateJsonObjectContextCustomizer@2349f14d, org.springframework.boot.test.mock.mockito.MockitoContextCustomizer@5440741e, org.springframework.boot.test.autoconfigure.OverrideAutoConfigurationContextCustomizerFactory$DisableAutoConfigurationContextCustomizer@5cd96b41, org.springframework.boot.test.autoconfigure.actuate.metrics.MetricsExportContextCustomizerFactory$DisableMetricExportContextCustomizer@4cc65c2, org.springframework.boot.test.autoconfigure.filter.TypeExcludeFiltersContextCustomizer@68a38178, org.springframework.boot.test.autoconfigure.properties.PropertyMappingContextCustomizer@e7a5012e, org.springframework.boot.test.autoconfigure.web.servlet.WebDriverContextCustomizerFactory$Customizer@46fb0c33, org.springframework.boot.test.context.SpringBootTestArgs@1, org.springframework.boot.test.context.SpringBootTestWebEnvironment@0], resourceBasePath = 'src/main/webapp', contextLoader = 'org.springframework.boot.test.context.SpringBootContextLoader', parent = [null]], attributes = map[[empty]]], class annotated with @DirtiesContext [false] with mode [null].
16:04:23.326 [main] DEBUG org.springframework.test.context.support.TestPropertySourceUtils - Adding inlined properties to environment: {spring.jmx.enabled=false, org.springframework.boot.test.autoconfigure.web.servlet.WebMvcTestContextBootstrapper=true}

  .   ____          _            __ _ _
 /\\ / ___'_ __ _ _(_)_ __  __ _ \ \ \ \
( ( )\___ | '_ | '_| | '_ \/ _` | \ \ \ \
 \\/  ___)| |_)| | | | | || (_| |  ) ) ) )
  '  |____| .__|_| |_|_| |_\__, | / / / /
 =========|_|==============|___/=/_/_/_/
 :: Spring Boot ::                (v2.5.6)

2022-10-14 16:04:23.587  INFO 19596 --- [           main] c.n.s.controllers.TradeControllerTests   : Starting TradeControllerTests using Java 19 on MBP-de-Paul with PID 19596 (started by comte0 in /Users/comte0/openclassrooms/JavaDA_PROJECT7_RESTAPI/Poseiden-skeleton)
2022-10-14 16:04:23.588  INFO 19596 --- [           main] c.n.s.controllers.TradeControllerTests   : No active profile set, falling back to default profiles: default
2022-10-14 16:04:24.565  INFO 19596 --- [           main] .s.s.UserDetailsServiceAutoConfiguration : 

Using generated security password: 9e803d44-ffdf-475f-bc75-ad21d72c9a36

2022-10-14 16:04:24.696  INFO 19596 --- [           main] o.s.s.web.DefaultSecurityFilterChain     : Will secure any request with [org.springframework.security.web.context.request.async.WebAsyncManagerIntegrationFilter@5a95090a, org.springframework.security.web.context.SecurityContextPersistenceFilter@4c752425, org.springframework.security.web.header.HeaderWriterFilter@84180e2, org.springframework.security.web.csrf.CsrfFilter@4ce1ab4c, org.springframework.security.web.authentication.logout.LogoutFilter@23182d4d, org.springframework.security.web.authentication.UsernamePasswordAuthenticationFilter@3e1ba156, org.springframework.security.web.authentication.ui.DefaultLoginPageGeneratingFilter@40a32c25, org.springframework.security.web.authentication.ui.DefaultLogoutPageGeneratingFilter@34ccce55, org.springframework.security.web.authentication.www.BasicAuthenticationFilter@2f803d8, org.springframework.security.web.savedrequest.RequestCacheAwareFilter@3adf3670, org.springframework.security.web.servletapi.SecurityContextHolderAwareRequestFilter@15382815, org.springframework.security.web.authentication.AnonymousAuthenticationFilter@7668edd7, org.springframework.security.web.session.SessionManagementFilter@48ebcce5, org.springframework.security.web.access.ExceptionTranslationFilter@1077a7, org.springframework.security.web.access.intercept.FilterSecurityInterceptor@3ad142f0]
2022-10-14 16:04:24.785  INFO 19596 --- [           main] o.s.b.t.m.w.SpringBootMockServletContext : Initializing Spring TestDispatcherServlet ''
2022-10-14 16:04:24.785  INFO 19596 --- [           main] o.s.t.web.servlet.TestDispatcherServlet  : Initializing Servlet ''
2022-10-14 16:04:24.786  INFO 19596 --- [           main] o.s.t.web.servlet.TestDispatcherServlet  : Completed initialization in 1 ms
2022-10-14 16:04:24.820  INFO 19596 --- [           main] c.n.s.controllers.TradeControllerTests   : Started TradeControllerTests in 1.489 seconds (JVM running for 3.273)

MockHttpServletRequest:
      HTTP Method = GET
      Request URI = /trade/update/42
       Parameters = {}
          Headers = []
             Body = <no character encoding set>
    Session Attrs = {SPRING_SECURITY_CONTEXT=SecurityContextImpl [Authentication=UsernamePasswordAuthenticationToken [Principal=org.springframework.security.core.userdetails.User [Username=pmarquesmota, Password=[PROTECTED], Enabled=true, AccountNonExpired=true, credentialsNonExpired=true, AccountNonLocked=true, Granted Authorities=[ROLE_USER]], Credentials=[PROTECTED], Authenticated=true, Details=null, Granted Authorities=[ROLE_USER]]]}

Handler:
             Type = org.springframework.web.servlet.resource.ResourceHttpRequestHandler

Async:
    Async started = false
     Async result = null

Resolved Exception:
             Type = null

ModelAndView:
        View name = null
             View = null
            Model = null

FlashMap:
       Attributes = null

MockHttpServletResponse:
           Status = 404
    Error message = null
          Headers = [Vary:"Origin", "Access-Control-Request-Method", "Access-Control-Request-Headers"]
     Content type = null
             Body = 
    Forwarded URL = null
   Redirected URL = null
          Cookies = []
]]></system-out>
  </testcase>
  <testcase name="tradeValidateWithoutErrors" classname="com.nnk.springboot.controllers.TradeControllerTests" time="0.009">
    <failure message="Status expected:&lt;302&gt; but was:&lt;404&gt;" type="java.lang.AssertionError"><![CDATA[java.lang.AssertionError: Status expected:<302> but was:<404>
	at com.nnk.springboot.controllers.TradeControllerTests.tradeValidateWithoutErrors(TradeControllerTests.java:75)
]]></failure>
    <system-out><![CDATA[
MockHttpServletRequest:
      HTTP Method = POST
      Request URI = /trade/validate
       Parameters = {account=[toto55]}
          Headers = []
             Body = <no character encoding set>
    Session Attrs = {SPRING_SECURITY_CONTEXT=SecurityContextImpl [Authentication=UsernamePasswordAuthenticationToken [Principal=org.springframework.security.core.userdetails.User [Username=pmarquesmota, Password=[PROTECTED], Enabled=true, AccountNonExpired=true, credentialsNonExpired=true, AccountNonLocked=true, Granted Authorities=[ROLE_USER]], Credentials=[PROTECTED], Authenticated=true, Details=null, Granted Authorities=[ROLE_USER]]]}

Handler:
             Type = org.springframework.web.servlet.resource.ResourceHttpRequestHandler

Async:
    Async started = false
     Async result = null

Resolved Exception:
             Type = null

ModelAndView:
        View name = null
             View = null
            Model = null

FlashMap:
       Attributes = null

MockHttpServletResponse:
           Status = 404
    Error message = null
          Headers = [Vary:"Origin", "Access-Control-Request-Method", "Access-Control-Request-Headers"]
     Content type = null
             Body = 
    Forwarded URL = null
   Redirected URL = null
          Cookies = []
]]></system-out>
  </testcase>
  <testcase name="failUrl" classname="com.nnk.springboot.controllers.TradeControllerTests" time="0.003"/>
  <testcase name="tradePostUpdateWithoutErrors" classname="com.nnk.springboot.controllers.TradeControllerTests" time="0.006">
    <failure message="Status expected:&lt;302&gt; but was:&lt;404&gt;" type="java.lang.AssertionError"><![CDATA[java.lang.AssertionError: Status expected:<302> but was:<404>
	at com.nnk.springboot.controllers.TradeControllerTests.tradePostUpdateWithoutErrors(TradeControllerTests.java:127)
]]></failure>
    <system-out><![CDATA[
MockHttpServletRequest:
      HTTP Method = POST
      Request URI = /trade/update/42
       Parameters = {account=[toto55]}
          Headers = []
             Body = <no character encoding set>
    Session Attrs = {SPRING_SECURITY_CONTEXT=SecurityContextImpl [Authentication=UsernamePasswordAuthenticationToken [Principal=org.springframework.security.core.userdetails.User [Username=pmarquesmota, Password=[PROTECTED], Enabled=true, AccountNonExpired=true, credentialsNonExpired=true, AccountNonLocked=true, Granted Authorities=[ROLE_USER]], Credentials=[PROTECTED], Authenticated=true, Details=null, Granted Authorities=[ROLE_USER]]]}

Handler:
             Type = org.springframework.web.servlet.resource.ResourceHttpRequestHandler

Async:
    Async started = false
     Async result = null

Resolved Exception:
             Type = null

ModelAndView:
        View name = null
             View = null
            Model = null

FlashMap:
       Attributes = null

MockHttpServletResponse:
           Status = 404
    Error message = null
          Headers = [Vary:"Origin", "Access-Control-Request-Method", "Access-Control-Request-Headers"]
     Content type = null
             Body = 
    Forwarded URL = null
   Redirected URL = null
          Cookies = []
]]></system-out>
  </testcase>
  <testcase name="tradeGetUpdateWithoutErrors" classname="com.nnk.springboot.controllers.TradeControllerTests" time="0.004">
    <failure message="Status expected:&lt;200&gt; but was:&lt;404&gt;" type="java.lang.AssertionError"><![CDATA[java.lang.AssertionError: Status expected:<200> but was:<404>
	at com.nnk.springboot.controllers.TradeControllerTests.tradeGetUpdateWithoutErrors(TradeControllerTests.java:101)
]]></failure>
    <system-out><![CDATA[
MockHttpServletRequest:
      HTTP Method = GET
      Request URI = /trade/update/42
       Parameters = {}
          Headers = []
             Body = <no character encoding set>
    Session Attrs = {SPRING_SECURITY_CONTEXT=SecurityContextImpl [Authentication=UsernamePasswordAuthenticationToken [Principal=org.springframework.security.core.userdetails.User [Username=pmarquesmota, Password=[PROTECTED], Enabled=true, AccountNonExpired=true, credentialsNonExpired=true, AccountNonLocked=true, Granted Authorities=[ROLE_USER]], Credentials=[PROTECTED], Authenticated=true, Details=null, Granted Authorities=[ROLE_USER]]]}

Handler:
             Type = org.springframework.web.servlet.resource.ResourceHttpRequestHandler

Async:
    Async started = false
     Async result = null

Resolved Exception:
             Type = null

ModelAndView:
        View name = null
             View = null
            Model = null

FlashMap:
       Attributes = null

MockHttpServletResponse:
           Status = 404
    Error message = null
          Headers = [Vary:"Origin", "Access-Control-Request-Method", "Access-Control-Request-Headers"]
     Content type = null
             Body = 
    Forwarded URL = null
   Redirected URL = null
          Cookies = []
]]></system-out>
  </testcase>
  <testcase name="tradePostUpdateWithErrors" classname="com.nnk.springboot.controllers.TradeControllerTests" time="0.006">
    <failure message="Status expected:&lt;200&gt; but was:&lt;404&gt;" type="java.lang.AssertionError"><![CDATA[java.lang.AssertionError: Status expected:<200> but was:<404>
	at com.nnk.springboot.controllers.TradeControllerTests.tradePostUpdateWithErrors(TradeControllerTests.java:137)
]]></failure>
    <system-out><![CDATA[
MockHttpServletRequest:
      HTTP Method = POST
      Request URI = /trade/update/42
       Parameters = {account=[toto]}
          Headers = []
             Body = <no character encoding set>
    Session Attrs = {SPRING_SECURITY_CONTEXT=SecurityContextImpl [Authentication=UsernamePasswordAuthenticationToken [Principal=org.springframework.security.core.userdetails.User [Username=pmarquesmota, Password=[PROTECTED], Enabled=true, AccountNonExpired=true, credentialsNonExpired=true, AccountNonLocked=true, Granted Authorities=[ROLE_USER]], Credentials=[PROTECTED], Authenticated=true, Details=null, Granted Authorities=[ROLE_USER]]]}

Handler:
             Type = org.springframework.web.servlet.resource.ResourceHttpRequestHandler

Async:
    Async started = false
     Async result = null

Resolved Exception:
             Type = null

ModelAndView:
        View name = null
             View = null
            Model = null

FlashMap:
       Attributes = null

MockHttpServletResponse:
           Status = 404
    Error message = null
          Headers = [Vary:"Origin", "Access-Control-Request-Method", "Access-Control-Request-Headers"]
     Content type = null
             Body = 
    Forwarded URL = null
   Redirected URL = null
          Cookies = []
]]></system-out>
  </testcase>
  <testcase name="tradeList" classname="com.nnk.springboot.controllers.TradeControllerTests" time="0.004">
    <failure message="Status expected:&lt;200&gt; but was:&lt;404&gt;" type="java.lang.AssertionError"><![CDATA[java.lang.AssertionError: Status expected:<200> but was:<404>
	at com.nnk.springboot.controllers.TradeControllerTests.tradeList(TradeControllerTests.java:54)
]]></failure>
    <system-out><![CDATA[
MockHttpServletRequest:
      HTTP Method = GET
      Request URI = /trade/list
       Parameters = {}
          Headers = []
             Body = <no character encoding set>
    Session Attrs = {SPRING_SECURITY_CONTEXT=SecurityContextImpl [Authentication=UsernamePasswordAuthenticationToken [Principal=org.springframework.security.core.userdetails.User [Username=pmarquesmota, Password=[PROTECTED], Enabled=true, AccountNonExpired=true, credentialsNonExpired=true, AccountNonLocked=true, Granted Authorities=[ROLE_USER]], Credentials=[PROTECTED], Authenticated=true, Details=null, Granted Authorities=[ROLE_USER]]]}

Handler:
             Type = org.springframework.web.servlet.resource.ResourceHttpRequestHandler

Async:
    Async started = false
     Async result = null

Resolved Exception:
             Type = null

ModelAndView:
        View name = null
             View = null
            Model = null

FlashMap:
       Attributes = null

MockHttpServletResponse:
           Status = 404
    Error message = null
          Headers = [Vary:"Origin", "Access-Control-Request-Method", "Access-Control-Request-Headers"]
     Content type = null
             Body = 
    Forwarded URL = null
   Redirected URL = null
          Cookies = []
]]></system-out>
  </testcase>
  <testcase name="tradeValidateWithErrors" classname="com.nnk.springboot.controllers.TradeControllerTests" time="0.004">
    <failure message="Status expected:&lt;200&gt; but was:&lt;404&gt;" type="java.lang.AssertionError"><![CDATA[java.lang.AssertionError: Status expected:<200> but was:<404>
	at com.nnk.springboot.controllers.TradeControllerTests.tradeValidateWithErrors(TradeControllerTests.java:88)
]]></failure>
    <system-out><![CDATA[
MockHttpServletRequest:
      HTTP Method = POST
      Request URI = /trade/validate
       Parameters = {account=[toto]}
          Headers = []
             Body = <no character encoding set>
    Session Attrs = {SPRING_SECURITY_CONTEXT=SecurityContextImpl [Authentication=UsernamePasswordAuthenticationToken [Principal=org.springframework.security.core.userdetails.User [Username=pmarquesmota, Password=[PROTECTED], Enabled=true, AccountNonExpired=true, credentialsNonExpired=true, AccountNonLocked=true, Granted Authorities=[ROLE_USER]], Credentials=[PROTECTED], Authenticated=true, Details=null, Granted Authorities=[ROLE_USER]]]}

Handler:
             Type = org.springframework.web.servlet.resource.ResourceHttpRequestHandler

Async:
    Async started = false
     Async result = null

Resolved Exception:
             Type = null

ModelAndView:
        View name = null
             View = null
            Model = null

FlashMap:
       Attributes = null

MockHttpServletResponse:
           Status = 404
    Error message = null
          Headers = [Vary:"Origin", "Access-Control-Request-Method", "Access-Control-Request-Headers"]
     Content type = null
             Body = 
    Forwarded URL = null
   Redirected URL = null
          Cookies = []
]]></system-out>
  </testcase>
  <testcase name="tradeAdd" classname="com.nnk.springboot.controllers.TradeControllerTests" time="0.003">
    <failure message="Status expected:&lt;200&gt; but was:&lt;404&gt;" type="java.lang.AssertionError"><![CDATA[java.lang.AssertionError: Status expected:<200> but was:<404>
	at com.nnk.springboot.controllers.TradeControllerTests.tradeAdd(TradeControllerTests.java:63)
]]></failure>
    <system-out><![CDATA[
MockHttpServletRequest:
      HTTP Method = GET
      Request URI = /trade/add
       Parameters = {}
          Headers = []
             Body = <no character encoding set>
    Session Attrs = {SPRING_SECURITY_CONTEXT=SecurityContextImpl [Authentication=UsernamePasswordAuthenticationToken [Principal=org.springframework.security.core.userdetails.User [Username=pmarquesmota, Password=[PROTECTED], Enabled=true, AccountNonExpired=true, credentialsNonExpired=true, AccountNonLocked=true, Granted Authorities=[ROLE_USER]], Credentials=[PROTECTED], Authenticated=true, Details=null, Granted Authorities=[ROLE_USER]]]}

Handler:
             Type = org.springframework.web.servlet.resource.ResourceHttpRequestHandler

Async:
    Async started = false
     Async result = null

Resolved Exception:
             Type = null

ModelAndView:
        View name = null
             View = null
            Model = null

FlashMap:
       Attributes = null

MockHttpServletResponse:
           Status = 404
    Error message = null
          Headers = [Vary:"Origin", "Access-Control-Request-Method", "Access-Control-Request-Headers"]
     Content type = null
             Body = 
    Forwarded URL = null
   Redirected URL = null
          Cookies = []
]]></system-out>
  </testcase>
  <testcase name="tradeDelete" classname="com.nnk.springboot.controllers.TradeControllerTests" time="0.006">
    <failure message="Status expected:&lt;302&gt; but was:&lt;404&gt;" type="java.lang.AssertionError"><![CDATA[java.lang.AssertionError: Status expected:<302> but was:<404>
	at com.nnk.springboot.controllers.TradeControllerTests.tradeDelete(TradeControllerTests.java:162)
]]></failure>
    <system-out><![CDATA[
MockHttpServletRequest:
      HTTP Method = GET
      Request URI = /trade/delete/42
       Parameters = {}
          Headers = []
             Body = <no character encoding set>
    Session Attrs = {SPRING_SECURITY_CONTEXT=SecurityContextImpl [Authentication=UsernamePasswordAuthenticationToken [Principal=org.springframework.security.core.userdetails.User [Username=pmarquesmota, Password=[PROTECTED], Enabled=true, AccountNonExpired=true, credentialsNonExpired=true, AccountNonLocked=true, Granted Authorities=[ROLE_USER]], Credentials=[PROTECTED], Authenticated=true, Details=null, Granted Authorities=[ROLE_USER]]]}

Handler:
             Type = org.springframework.web.servlet.resource.ResourceHttpRequestHandler

Async:
    Async started = false
     Async result = null

Resolved Exception:
             Type = null

ModelAndView:
        View name = null
             View = null
            Model = null

FlashMap:
       Attributes = null

MockHttpServletResponse:
           Status = 404
    Error message = null
          Headers = [Vary:"Origin", "Access-Control-Request-Method", "Access-Control-Request-Headers"]
     Content type = null
             Body = 
    Forwarded URL = null
   Redirected URL = null
          Cookies = []
]]></system-out>
  </testcase>
  <testcase name="tradePostUpdateWithException" classname="com.nnk.springboot.controllers.TradeControllerTests" time="0.006">
    <failure message="Status expected:&lt;302&gt; but was:&lt;404&gt;" type="java.lang.AssertionError"><![CDATA[java.lang.AssertionError: Status expected:<302> but was:<404>
	at com.nnk.springboot.controllers.TradeControllerTests.tradePostUpdateWithException(TradeControllerTests.java:149)
]]></failure>
    <system-out><![CDATA[
MockHttpServletRequest:
      HTTP Method = POST
      Request URI = /trade/update/42
       Parameters = {account=[toto55]}
          Headers = []
             Body = <no character encoding set>
    Session Attrs = {SPRING_SECURITY_CONTEXT=SecurityContextImpl [Authentication=UsernamePasswordAuthenticationToken [Principal=org.springframework.security.core.userdetails.User [Username=pmarquesmota, Password=[PROTECTED], Enabled=true, AccountNonExpired=true, credentialsNonExpired=true, AccountNonLocked=true, Granted Authorities=[ROLE_USER]], Credentials=[PROTECTED], Authenticated=true, Details=null, Granted Authorities=[ROLE_USER]]]}

Handler:
             Type = org.springframework.web.servlet.resource.ResourceHttpRequestHandler

Async:
    Async started = false
     Async result = null

Resolved Exception:
             Type = null

ModelAndView:
        View name = null
             View = null
            Model = null

FlashMap:
       Attributes = null

MockHttpServletResponse:
           Status = 404
    Error message = null
          Headers = [Vary:"Origin", "Access-Control-Request-Method", "Access-Control-Request-Headers"]
     Content type = null
             Body = 
    Forwarded URL = null
   Redirected URL = null
          Cookies = []
]]></system-out>
  </testcase>
</testsuite>