<?xml version="1.0" encoding="UTF-8"?>
<testsuite xmlns:xsi="http://www.w3.org/2001/XMLSchema-instance" xsi:noNamespaceSchemaLocation="https://maven.apache.org/surefire/maven-surefire-plugin/xsd/surefire-test-report.xsd" name="com.nnk.springboot.controller.CurvePointControllerTests" time="0.356" tests="11" errors="0" skipped="0" failures="10">
  <properties>
    <property name="java.specification.version" value="19"/>
    <property name="sun.jnu.encoding" value="UTF-8"/>
    <property name="java.class.path" value="/Users/comte0/openclassrooms/projet7/target/test-classes:/Users/comte0/openclassrooms/projet7/target/classes:/Users/comte0/.m2/repository/org/jacoco/jacoco-maven-plugin/0.8.8/jacoco-maven-plugin-0.8.8.jar:/Users/comte0/.m2/repository/org/codehaus/plexus/plexus-utils/3.0.22/plexus-utils-3.0.22.jar:/Users/comte0/.m2/repository/org/apache/maven/shared/file-management/1.2.1/file-management-1.2.1.jar:/Users/comte0/.m2/repository/org/apache/maven/maven-plugin-api/2.0.6/maven-plugin-api-2.0.6.jar:/Users/comte0/.m2/repository/org/apache/maven/shared/maven-shared-io/1.1/maven-shared-io-1.1.jar:/Users/comte0/.m2/repository/org/apache/maven/maven-artifact/2.0.2/maven-artifact-2.0.2.jar:/Users/comte0/.m2/repository/org/apache/maven/maven-artifact-manager/2.0.2/maven-artifact-manager-2.0.2.jar:/Users/comte0/.m2/repository/org/apache/maven/maven-repository-metadata/2.0.2/maven-repository-metadata-2.0.2.jar:/Users/comte0/.m2/repository/org/apache/maven/wagon/wagon-provider-api/1.0-alpha-6/wagon-provider-api-1.0-alpha-6.jar:/Users/comte0/.m2/repository/org/codehaus/plexus/plexus-container-default/1.0-alpha-9/plexus-container-default-1.0-alpha-9.jar:/Users/comte0/.m2/repository/junit/junit/4.13.2/junit-4.13.2.jar:/Users/comte0/.m2/repository/org/hamcrest/hamcrest-core/2.2/hamcrest-core-2.2.jar:/Users/comte0/.m2/repository/classworlds/classworlds/1.1-alpha-2/classworlds-1.1-alpha-2.jar:/Users/comte0/.m2/repository/org/apache/maven/reporting/maven-reporting-api/3.0/maven-reporting-api-3.0.jar:/Users/comte0/.m2/repository/org/apache/maven/doxia/doxia-sink-api/1.0/doxia-sink-api-1.0.jar:/Users/comte0/.m2/repository/org/jacoco/org.jacoco.agent/0.8.8/org.jacoco.agent-0.8.8-runtime.jar:/Users/comte0/.m2/repository/org/jacoco/org.jacoco.core/0.8.8/org.jacoco.core-0.8.8.jar:/Users/comte0/.m2/repository/org/ow2/asm/asm/9.2/asm-9.2.jar:/Users/comte0/.m2/repository/org/ow2/asm/asm-commons/9.2/asm-commons-9.2.jar:/Users/comte0/.m2/repository/org/ow2/asm/asm-analysis/9.2/asm-analysis-9.2.jar:/Users/comte0/.m2/repository/org/ow2/asm/asm-tree/9.2/asm-tree-9.2.jar:/Users/comte0/.m2/repository/org/jacoco/org.jacoco.report/0.8.8/org.jacoco.report-0.8.8.jar:/Users/comte0/.m2/repository/org/springframework/boot/spring-boot-starter-test/2.5.6/spring-boot-starter-test-2.5.6.jar:/Users/comte0/.m2/repository/org/springframework/boot/spring-boot-starter/2.5.6/spring-boot-starter-2.5.6.jar:/Users/comte0/.m2/repository/org/springframework/boot/spring-boot-starter-logging/2.5.6/spring-boot-starter-logging-2.5.6.jar:/Users/comte0/.m2/repository/ch/qos/logback/logback-classic/1.2.6/logback-classic-1.2.6.jar:/Users/comte0/.m2/repository/ch/qos/logback/logback-core/1.2.6/logback-core-1.2.6.jar:/Users/comte0/.m2/repository/org/apache/logging/log4j/log4j-to-slf4j/2.14.1/log4j-to-slf4j-2.14.1.jar:/Users/comte0/.m2/repository/org/apache/logging/log4j/log4j-api/2.14.1/log4j-api-2.14.1.jar:/Users/comte0/.m2/repository/org/slf4j/jul-to-slf4j/1.7.32/jul-to-slf4j-1.7.32.jar:/Users/comte0/.m2/repository/jakarta/annotation/jakarta.annotation-api/1.3.5/jakarta.annotation-api-1.3.5.jar:/Users/comte0/.m2/repository/org/yaml/snakeyaml/1.28/snakeyaml-1.28.jar:/Users/comte0/.m2/repository/org/springframework/boot/spring-boot-test/2.5.6/spring-boot-test-2.5.6.jar:/Users/comte0/.m2/repository/org/springframework/boot/spring-boot-test-autoconfigure/2.5.6/spring-boot-test-autoconfigure-2.5.6.jar:/Users/comte0/.m2/repository/com/jayway/jsonpath/json-path/2.5.0/json-path-2.5.0.jar:/Users/comte0/.m2/repository/net/minidev/json-smart/2.4.7/json-smart-2.4.7.jar:/Users/comte0/.m2/repository/net/minidev/accessors-smart/2.4.7/accessors-smart-2.4.7.jar:/Users/comte0/.m2/repository/jakarta/xml/bind/jakarta.xml.bind-api/2.3.3/jakarta.xml.bind-api-2.3.3.jar:/Users/comte0/.m2/repository/jakarta/activation/jakarta.activation-api/1.2.2/jakarta.activation-api-1.2.2.jar:/Users/comte0/.m2/repository/org/assertj/assertj-core/3.19.0/assertj-core-3.19.0.jar:/Users/comte0/.m2/repository/org/hamcrest/hamcrest/2.2/hamcrest-2.2.jar:/Users/comte0/.m2/repository/org/junit/jupiter/junit-jupiter/5.7.2/junit-jupiter-5.7.2.jar:/Users/comte0/.m2/repository/org/junit/jupiter/junit-jupiter-params/5.7.2/junit-jupiter-params-5.7.2.jar:/Users/comte0/.m2/repository/org/mockito/mockito-core/3.9.0/mockito-core-3.9.0.jar:/Users/comte0/.m2/repository/net/bytebuddy/byte-buddy/1.10.22/byte-buddy-1.10.22.jar:/Users/comte0/.m2/repository/net/bytebuddy/byte-buddy-agent/1.10.22/byte-buddy-agent-1.10.22.jar:/Users/comte0/.m2/repository/org/objenesis/objenesis/3.2/objenesis-3.2.jar:/Users/comte0/.m2/repository/org/mockito/mockito-junit-jupiter/3.9.0/mockito-junit-jupiter-3.9.0.jar:/Users/comte0/.m2/repository/org/skyscreamer/jsonassert/1.5.0/jsonassert-1.5.0.jar:/Users/comte0/.m2/repository/com/vaadin/external/google/android-json/0.0.20131108.vaadin1/android-json-0.0.20131108.vaadin1.jar:/Users/comte0/.m2/repository/org/springframework/spring-core/5.3.12/spring-core-5.3.12.jar:/Users/comte0/.m2/repository/org/springframework/spring-jcl/5.3.12/spring-jcl-5.3.12.jar:/Users/comte0/.m2/repository/org/xmlunit/xmlunit-core/2.8.3/xmlunit-core-2.8.3.jar:/Users/comte0/.m2/repository/org/springframework/boot/spring-boot-starter-data-jpa/2.5.6/spring-boot-starter-data-jpa-2.5.6.jar:/Users/comte0/.m2/repository/org/springframework/boot/spring-boot-starter-aop/2.5.6/spring-boot-starter-aop-2.5.6.jar:/Users/comte0/.m2/repository/org/aspectj/aspectjweaver/1.9.7/aspectjweaver-1.9.7.jar:/Users/comte0/.m2/repository/org/springframework/boot/spring-boot-starter-jdbc/2.5.6/spring-boot-starter-jdbc-2.5.6.jar:/Users/comte0/.m2/repository/com/zaxxer/HikariCP/4.0.3/HikariCP-4.0.3.jar:/Users/comte0/.m2/repository/org/springframework/spring-jdbc/5.3.12/spring-jdbc-5.3.12.jar:/Users/comte0/.m2/repository/jakarta/transaction/jakarta.transaction-api/1.3.3/jakarta.transaction-api-1.3.3.jar:/Users/comte0/.m2/repository/jakarta/persistence/jakarta.persistence-api/2.2.3/jakarta.persistence-api-2.2.3.jar:/Users/comte0/.m2/repository/org/hibernate/hibernate-core/5.4.32.Final/hibernate-core-5.4.32.Final.jar:/Users/comte0/.m2/repository/org/jboss/logging/jboss-logging/3.4.2.Final/jboss-logging-3.4.2.Final.jar:/Users/comte0/.m2/repository/org/javassist/javassist/3.27.0-GA/javassist-3.27.0-GA.jar:/Users/comte0/.m2/repository/antlr/antlr/2.7.7/antlr-2.7.7.jar:/Users/comte0/.m2/repository/org/jboss/jandex/2.2.3.Final/jandex-2.2.3.Final.jar:/Users/comte0/.m2/repository/com/fasterxml/classmate/1.5.1/classmate-1.5.1.jar:/Users/comte0/.m2/repository/org/dom4j/dom4j/2.1.3/dom4j-2.1.3.jar:/Users/comte0/.m2/repository/org/hibernate/common/hibernate-commons-annotations/5.1.2.Final/hibernate-commons-annotations-5.1.2.Final.jar:/Users/comte0/.m2/repository/org/glassfish/jaxb/jaxb-runtime/2.3.5/jaxb-runtime-2.3.5.jar:/Users/comte0/.m2/repository/org/glassfish/jaxb/txw2/2.3.5/txw2-2.3.5.jar:/Users/comte0/.m2/repository/com/sun/istack/istack-commons-runtime/3.0.12/istack-commons-runtime-3.0.12.jar:/Users/comte0/.m2/repository/com/sun/activation/jakarta.activation/1.2.2/jakarta.activation-1.2.2.jar:/Users/comte0/.m2/repository/org/springframework/data/spring-data-jpa/2.5.6/spring-data-jpa-2.5.6.jar:/Users/comte0/.m2/repository/org/springframework/data/spring-data-commons/2.5.6/spring-data-commons-2.5.6.jar:/Users/comte0/.m2/repository/org/springframework/spring-orm/5.3.12/spring-orm-5.3.12.jar:/Users/comte0/.m2/repository/org/springframework/spring-context/5.3.12/spring-context-5.3.12.jar:/Users/comte0/.m2/repository/org/springframework/spring-tx/5.3.12/spring-tx-5.3.12.jar:/Users/comte0/.m2/repository/org/springframework/spring-beans/5.3.12/spring-beans-5.3.12.jar:/Users/comte0/.m2/repository/org/springframework/spring-aspects/5.3.12/spring-aspects-5.3.12.jar:/Users/comte0/.m2/repository/org/springframework/boot/spring-boot-starter-web/2.5.6/spring-boot-starter-web-2.5.6.jar:/Users/comte0/.m2/repository/org/springframework/boot/spring-boot-starter-json/2.5.6/spring-boot-starter-json-2.5.6.jar:/Users/comte0/.m2/repository/com/fasterxml/jackson/core/jackson-databind/2.12.5/jackson-databind-2.12.5.jar:/Users/comte0/.m2/repository/com/fasterxml/jackson/core/jackson-annotations/2.12.5/jackson-annotations-2.12.5.jar:/Users/comte0/.m2/repository/com/fasterxml/jackson/core/jackson-core/2.12.5/jackson-core-2.12.5.jar:/Users/comte0/.m2/repository/com/fasterxml/jackson/datatype/jackson-datatype-jdk8/2.12.5/jackson-datatype-jdk8-2.12.5.jar:/Users/comte0/.m2/repository/com/fasterxml/jackson/datatype/jackson-datatype-jsr310/2.12.5/jackson-datatype-jsr310-2.12.5.jar:/Users/comte0/.m2/repository/com/fasterxml/jackson/module/jackson-module-parameter-names/2.12.5/jackson-module-parameter-names-2.12.5.jar:/Users/comte0/.m2/repository/org/springframework/boot/spring-boot-starter-tomcat/2.5.6/spring-boot-starter-tomcat-2.5.6.jar:/Users/comte0/.m2/repository/org/apache/tomcat/embed/tomcat-embed-core/9.0.54/tomcat-embed-core-9.0.54.jar:/Users/comte0/.m2/repository/org/apache/tomcat/embed/tomcat-embed-websocket/9.0.54/tomcat-embed-websocket-9.0.54.jar:/Users/comte0/.m2/repository/org/springframework/spring-web/5.3.12/spring-web-5.3.12.jar:/Users/comte0/.m2/repository/org/springframework/spring-webmvc/5.3.12/spring-webmvc-5.3.12.jar:/Users/comte0/.m2/repository/org/springframework/spring-expression/5.3.12/spring-expression-5.3.12.jar:/Users/comte0/.m2/repository/org/springframework/boot/spring-boot-starter-thymeleaf/2.5.6/spring-boot-starter-thymeleaf-2.5.6.jar:/Users/comte0/.m2/repository/org/thymeleaf/thymeleaf-spring5/3.0.12.RELEASE/thymeleaf-spring5-3.0.12.RELEASE.jar:/Users/comte0/.m2/repository/org/springframework/boot/spring-boot-starter-security/2.5.6/spring-boot-starter-security-2.5.6.jar:/Users/comte0/.m2/repository/org/springframework/spring-aop/5.3.12/spring-aop-5.3.12.jar:/Users/comte0/.m2/repository/org/springframework/security/spring-security-config/5.5.3/spring-security-config-5.5.3.jar:/Users/comte0/.m2/repository/org/springframework/security/spring-security-web/5.5.3/spring-security-web-5.5.3.jar:/Users/comte0/.m2/repository/org/springframework/boot/spring-boot-devtools/2.5.6/spring-boot-devtools-2.5.6.jar:/Users/comte0/.m2/repository/org/springframework/boot/spring-boot/2.5.6/spring-boot-2.5.6.jar:/Users/comte0/.m2/repository/org/springframework/boot/spring-boot-autoconfigure/2.5.6/spring-boot-autoconfigure-2.5.6.jar:/Users/comte0/.m2/repository/mysql/mysql-connector-java/8.0.27/mysql-connector-java-8.0.27.jar:/Users/comte0/.m2/repository/com/h2database/h2/1.4.200/h2-1.4.200.jar:/Users/comte0/.m2/repository/org/springframework/boot/spring-boot-starter-validation/2.5.3/spring-boot-starter-validation-2.5.3.jar:/Users/comte0/.m2/repository/org/apache/tomcat/embed/tomcat-embed-el/9.0.54/tomcat-embed-el-9.0.54.jar:/Users/comte0/.m2/repository/org/hibernate/validator/hibernate-validator/6.2.0.Final/hibernate-validator-6.2.0.Final.jar:/Users/comte0/.m2/repository/jakarta/validation/jakarta.validation-api/2.0.2/jakarta.validation-api-2.0.2.jar:/Users/comte0/.m2/repository/org/junit/jupiter/junit-jupiter-engine/5.7.2/junit-jupiter-engine-5.7.2.jar:/Users/comte0/.m2/repository/org/apiguardian/apiguardian-api/1.1.0/apiguardian-api-1.1.0.jar:/Users/comte0/.m2/repository/org/junit/platform/junit-platform-engine/1.7.2/junit-platform-engine-1.7.2.jar:/Users/comte0/.m2/repository/org/opentest4j/opentest4j/1.2.0/opentest4j-1.2.0.jar:/Users/comte0/.m2/repository/org/junit/platform/junit-platform-commons/1.7.2/junit-platform-commons-1.7.2.jar:/Users/comte0/.m2/repository/org/junit/jupiter/junit-jupiter-api/5.7.2/junit-jupiter-api-5.7.2.jar:/Users/comte0/.m2/repository/org/projectlombok/lombok/1.18.22/lombok-1.18.22.jar:/Users/comte0/.m2/repository/org/thymeleaf/extras/thymeleaf-extras-java8time/3.0.4.RELEASE/thymeleaf-extras-java8time-3.0.4.RELEASE.jar:/Users/comte0/.m2/repository/org/thymeleaf/thymeleaf/3.0.12.RELEASE/thymeleaf-3.0.12.RELEASE.jar:/Users/comte0/.m2/repository/ognl/ognl/3.1.26/ognl-3.1.26.jar:/Users/comte0/.m2/repository/org/attoparser/attoparser/2.0.5.RELEASE/attoparser-2.0.5.RELEASE.jar:/Users/comte0/.m2/repository/org/unbescape/unbescape/1.1.6.RELEASE/unbescape-1.1.6.RELEASE.jar:/Users/comte0/.m2/repository/org/slf4j/slf4j-api/1.7.32/slf4j-api-1.7.32.jar:/Users/comte0/.m2/repository/org/springframework/boot/spring-boot-starter-oauth2-client/2.5.6/spring-boot-starter-oauth2-client-2.5.6.jar:/Users/comte0/.m2/repository/org/springframework/security/spring-security-core/5.5.3/spring-security-core-5.5.3.jar:/Users/comte0/.m2/repository/org/springframework/security/spring-security-crypto/5.5.3/spring-security-crypto-5.5.3.jar:/Users/comte0/.m2/repository/org/springframework/security/spring-security-oauth2-client/5.5.3/spring-security-oauth2-client-5.5.3.jar:/Users/comte0/.m2/repository/org/springframework/security/spring-security-oauth2-core/5.5.3/spring-security-oauth2-core-5.5.3.jar:/Users/comte0/.m2/repository/com/nimbusds/oauth2-oidc-sdk/9.9.1/oauth2-oidc-sdk-9.9.1.jar:/Users/comte0/.m2/repository/com/github/stephenc/jcip/jcip-annotations/1.0-1/jcip-annotations-1.0-1.jar:/Users/comte0/.m2/repository/com/nimbusds/content-type/2.1/content-type-2.1.jar:/Users/comte0/.m2/repository/com/nimbusds/lang-tag/1.5/lang-tag-1.5.jar:/Users/comte0/.m2/repository/org/springframework/security/spring-security-oauth2-jose/5.5.3/spring-security-oauth2-jose-5.5.3.jar:/Users/comte0/.m2/repository/com/nimbusds/nimbus-jose-jwt/9.10.1/nimbus-jose-jwt-9.10.1.jar:/Users/comte0/.m2/repository/org/springframework/spring-test/5.3.12/spring-test-5.3.12.jar:"/>
    <property name="java.vm.vendor" value="Homebrew"/>
    <property name="sun.arch.data.model" value="64"/>
    <property name="java.vendor.url" value="https://github.com/Homebrew/homebrew-core/issues"/>
    <property name="os.name" value="Mac OS X"/>
    <property name="java.vm.specification.version" value="19"/>
    <property name="sun.java.launcher" value="SUN_STANDARD"/>
    <property name="user.country" value="FR"/>
    <property name="sun.boot.library.path" value="/opt/homebrew/Cellar/openjdk/19/libexec/openjdk.jdk/Contents/Home/lib"/>
    <property name="sun.java.command" value="/Users/comte0/openclassrooms/projet7/target/surefire/surefirebooter2273768528458423947.jar /Users/comte0/openclassrooms/projet7/target/surefire 2022-10-21T13-51-38_695-jvmRun1 surefire8936791054546562991tmp surefire_08429095193273065032tmp"/>
    <property name="http.nonProxyHosts" value="local|*.local|169.254/16|*.169.254/16"/>
    <property name="jdk.debug" value="release"/>
    <property name="surefire.test.class.path" value="/Users/comte0/openclassrooms/projet7/target/test-classes:/Users/comte0/openclassrooms/projet7/target/classes:/Users/comte0/.m2/repository/org/jacoco/jacoco-maven-plugin/0.8.8/jacoco-maven-plugin-0.8.8.jar:/Users/comte0/.m2/repository/org/codehaus/plexus/plexus-utils/3.0.22/plexus-utils-3.0.22.jar:/Users/comte0/.m2/repository/org/apache/maven/shared/file-management/1.2.1/file-management-1.2.1.jar:/Users/comte0/.m2/repository/org/apache/maven/maven-plugin-api/2.0.6/maven-plugin-api-2.0.6.jar:/Users/comte0/.m2/repository/org/apache/maven/shared/maven-shared-io/1.1/maven-shared-io-1.1.jar:/Users/comte0/.m2/repository/org/apache/maven/maven-artifact/2.0.2/maven-artifact-2.0.2.jar:/Users/comte0/.m2/repository/org/apache/maven/maven-artifact-manager/2.0.2/maven-artifact-manager-2.0.2.jar:/Users/comte0/.m2/repository/org/apache/maven/maven-repository-metadata/2.0.2/maven-repository-metadata-2.0.2.jar:/Users/comte0/.m2/repository/org/apache/maven/wagon/wagon-provider-api/1.0-alpha-6/wagon-provider-api-1.0-alpha-6.jar:/Users/comte0/.m2/repository/org/codehaus/plexus/plexus-container-default/1.0-alpha-9/plexus-container-default-1.0-alpha-9.jar:/Users/comte0/.m2/repository/junit/junit/4.13.2/junit-4.13.2.jar:/Users/comte0/.m2/repository/org/hamcrest/hamcrest-core/2.2/hamcrest-core-2.2.jar:/Users/comte0/.m2/repository/classworlds/classworlds/1.1-alpha-2/classworlds-1.1-alpha-2.jar:/Users/comte0/.m2/repository/org/apache/maven/reporting/maven-reporting-api/3.0/maven-reporting-api-3.0.jar:/Users/comte0/.m2/repository/org/apache/maven/doxia/doxia-sink-api/1.0/doxia-sink-api-1.0.jar:/Users/comte0/.m2/repository/org/jacoco/org.jacoco.agent/0.8.8/org.jacoco.agent-0.8.8-runtime.jar:/Users/comte0/.m2/repository/org/jacoco/org.jacoco.core/0.8.8/org.jacoco.core-0.8.8.jar:/Users/comte0/.m2/repository/org/ow2/asm/asm/9.2/asm-9.2.jar:/Users/comte0/.m2/repository/org/ow2/asm/asm-commons/9.2/asm-commons-9.2.jar:/Users/comte0/.m2/repository/org/ow2/asm/asm-analysis/9.2/asm-analysis-9.2.jar:/Users/comte0/.m2/repository/org/ow2/asm/asm-tree/9.2/asm-tree-9.2.jar:/Users/comte0/.m2/repository/org/jacoco/org.jacoco.report/0.8.8/org.jacoco.report-0.8.8.jar:/Users/comte0/.m2/repository/org/springframework/boot/spring-boot-starter-test/2.5.6/spring-boot-starter-test-2.5.6.jar:/Users/comte0/.m2/repository/org/springframework/boot/spring-boot-starter/2.5.6/spring-boot-starter-2.5.6.jar:/Users/comte0/.m2/repository/org/springframework/boot/spring-boot-starter-logging/2.5.6/spring-boot-starter-logging-2.5.6.jar:/Users/comte0/.m2/repository/ch/qos/logback/logback-classic/1.2.6/logback-classic-1.2.6.jar:/Users/comte0/.m2/repository/ch/qos/logback/logback-core/1.2.6/logback-core-1.2.6.jar:/Users/comte0/.m2/repository/org/apache/logging/log4j/log4j-to-slf4j/2.14.1/log4j-to-slf4j-2.14.1.jar:/Users/comte0/.m2/repository/org/apache/logging/log4j/log4j-api/2.14.1/log4j-api-2.14.1.jar:/Users/comte0/.m2/repository/org/slf4j/jul-to-slf4j/1.7.32/jul-to-slf4j-1.7.32.jar:/Users/comte0/.m2/repository/jakarta/annotation/jakarta.annotation-api/1.3.5/jakarta.annotation-api-1.3.5.jar:/Users/comte0/.m2/repository/org/yaml/snakeyaml/1.28/snakeyaml-1.28.jar:/Users/comte0/.m2/repository/org/springframework/boot/spring-boot-test/2.5.6/spring-boot-test-2.5.6.jar:/Users/comte0/.m2/repository/org/springframework/boot/spring-boot-test-autoconfigure/2.5.6/spring-boot-test-autoconfigure-2.5.6.jar:/Users/comte0/.m2/repository/com/jayway/jsonpath/json-path/2.5.0/json-path-2.5.0.jar:/Users/comte0/.m2/repository/net/minidev/json-smart/2.4.7/json-smart-2.4.7.jar:/Users/comte0/.m2/repository/net/minidev/accessors-smart/2.4.7/accessors-smart-2.4.7.jar:/Users/comte0/.m2/repository/jakarta/xml/bind/jakarta.xml.bind-api/2.3.3/jakarta.xml.bind-api-2.3.3.jar:/Users/comte0/.m2/repository/jakarta/activation/jakarta.activation-api/1.2.2/jakarta.activation-api-1.2.2.jar:/Users/comte0/.m2/repository/org/assertj/assertj-core/3.19.0/assertj-core-3.19.0.jar:/Users/comte0/.m2/repository/org/hamcrest/hamcrest/2.2/hamcrest-2.2.jar:/Users/comte0/.m2/repository/org/junit/jupiter/junit-jupiter/5.7.2/junit-jupiter-5.7.2.jar:/Users/comte0/.m2/repository/org/junit/jupiter/junit-jupiter-params/5.7.2/junit-jupiter-params-5.7.2.jar:/Users/comte0/.m2/repository/org/mockito/mockito-core/3.9.0/mockito-core-3.9.0.jar:/Users/comte0/.m2/repository/net/bytebuddy/byte-buddy/1.10.22/byte-buddy-1.10.22.jar:/Users/comte0/.m2/repository/net/bytebuddy/byte-buddy-agent/1.10.22/byte-buddy-agent-1.10.22.jar:/Users/comte0/.m2/repository/org/objenesis/objenesis/3.2/objenesis-3.2.jar:/Users/comte0/.m2/repository/org/mockito/mockito-junit-jupiter/3.9.0/mockito-junit-jupiter-3.9.0.jar:/Users/comte0/.m2/repository/org/skyscreamer/jsonassert/1.5.0/jsonassert-1.5.0.jar:/Users/comte0/.m2/repository/com/vaadin/external/google/android-json/0.0.20131108.vaadin1/android-json-0.0.20131108.vaadin1.jar:/Users/comte0/.m2/repository/org/springframework/spring-core/5.3.12/spring-core-5.3.12.jar:/Users/comte0/.m2/repository/org/springframework/spring-jcl/5.3.12/spring-jcl-5.3.12.jar:/Users/comte0/.m2/repository/org/xmlunit/xmlunit-core/2.8.3/xmlunit-core-2.8.3.jar:/Users/comte0/.m2/repository/org/springframework/boot/spring-boot-starter-data-jpa/2.5.6/spring-boot-starter-data-jpa-2.5.6.jar:/Users/comte0/.m2/repository/org/springframework/boot/spring-boot-starter-aop/2.5.6/spring-boot-starter-aop-2.5.6.jar:/Users/comte0/.m2/repository/org/aspectj/aspectjweaver/1.9.7/aspectjweaver-1.9.7.jar:/Users/comte0/.m2/repository/org/springframework/boot/spring-boot-starter-jdbc/2.5.6/spring-boot-starter-jdbc-2.5.6.jar:/Users/comte0/.m2/repository/com/zaxxer/HikariCP/4.0.3/HikariCP-4.0.3.jar:/Users/comte0/.m2/repository/org/springframework/spring-jdbc/5.3.12/spring-jdbc-5.3.12.jar:/Users/comte0/.m2/repository/jakarta/transaction/jakarta.transaction-api/1.3.3/jakarta.transaction-api-1.3.3.jar:/Users/comte0/.m2/repository/jakarta/persistence/jakarta.persistence-api/2.2.3/jakarta.persistence-api-2.2.3.jar:/Users/comte0/.m2/repository/org/hibernate/hibernate-core/5.4.32.Final/hibernate-core-5.4.32.Final.jar:/Users/comte0/.m2/repository/org/jboss/logging/jboss-logging/3.4.2.Final/jboss-logging-3.4.2.Final.jar:/Users/comte0/.m2/repository/org/javassist/javassist/3.27.0-GA/javassist-3.27.0-GA.jar:/Users/comte0/.m2/repository/antlr/antlr/2.7.7/antlr-2.7.7.jar:/Users/comte0/.m2/repository/org/jboss/jandex/2.2.3.Final/jandex-2.2.3.Final.jar:/Users/comte0/.m2/repository/com/fasterxml/classmate/1.5.1/classmate-1.5.1.jar:/Users/comte0/.m2/repository/org/dom4j/dom4j/2.1.3/dom4j-2.1.3.jar:/Users/comte0/.m2/repository/org/hibernate/common/hibernate-commons-annotations/5.1.2.Final/hibernate-commons-annotations-5.1.2.Final.jar:/Users/comte0/.m2/repository/org/glassfish/jaxb/jaxb-runtime/2.3.5/jaxb-runtime-2.3.5.jar:/Users/comte0/.m2/repository/org/glassfish/jaxb/txw2/2.3.5/txw2-2.3.5.jar:/Users/comte0/.m2/repository/com/sun/istack/istack-commons-runtime/3.0.12/istack-commons-runtime-3.0.12.jar:/Users/comte0/.m2/repository/com/sun/activation/jakarta.activation/1.2.2/jakarta.activation-1.2.2.jar:/Users/comte0/.m2/repository/org/springframework/data/spring-data-jpa/2.5.6/spring-data-jpa-2.5.6.jar:/Users/comte0/.m2/repository/org/springframework/data/spring-data-commons/2.5.6/spring-data-commons-2.5.6.jar:/Users/comte0/.m2/repository/org/springframework/spring-orm/5.3.12/spring-orm-5.3.12.jar:/Users/comte0/.m2/repository/org/springframework/spring-context/5.3.12/spring-context-5.3.12.jar:/Users/comte0/.m2/repository/org/springframework/spring-tx/5.3.12/spring-tx-5.3.12.jar:/Users/comte0/.m2/repository/org/springframework/spring-beans/5.3.12/spring-beans-5.3.12.jar:/Users/comte0/.m2/repository/org/springframework/spring-aspects/5.3.12/spring-aspects-5.3.12.jar:/Users/comte0/.m2/repository/org/springframework/boot/spring-boot-starter-web/2.5.6/spring-boot-starter-web-2.5.6.jar:/Users/comte0/.m2/repository/org/springframework/boot/spring-boot-starter-json/2.5.6/spring-boot-starter-json-2.5.6.jar:/Users/comte0/.m2/repository/com/fasterxml/jackson/core/jackson-databind/2.12.5/jackson-databind-2.12.5.jar:/Users/comte0/.m2/repository/com/fasterxml/jackson/core/jackson-annotations/2.12.5/jackson-annotations-2.12.5.jar:/Users/comte0/.m2/repository/com/fasterxml/jackson/core/jackson-core/2.12.5/jackson-core-2.12.5.jar:/Users/comte0/.m2/repository/com/fasterxml/jackson/datatype/jackson-datatype-jdk8/2.12.5/jackson-datatype-jdk8-2.12.5.jar:/Users/comte0/.m2/repository/com/fasterxml/jackson/datatype/jackson-datatype-jsr310/2.12.5/jackson-datatype-jsr310-2.12.5.jar:/Users/comte0/.m2/repository/com/fasterxml/jackson/module/jackson-module-parameter-names/2.12.5/jackson-module-parameter-names-2.12.5.jar:/Users/comte0/.m2/repository/org/springframework/boot/spring-boot-starter-tomcat/2.5.6/spring-boot-starter-tomcat-2.5.6.jar:/Users/comte0/.m2/repository/org/apache/tomcat/embed/tomcat-embed-core/9.0.54/tomcat-embed-core-9.0.54.jar:/Users/comte0/.m2/repository/org/apache/tomcat/embed/tomcat-embed-websocket/9.0.54/tomcat-embed-websocket-9.0.54.jar:/Users/comte0/.m2/repository/org/springframework/spring-web/5.3.12/spring-web-5.3.12.jar:/Users/comte0/.m2/repository/org/springframework/spring-webmvc/5.3.12/spring-webmvc-5.3.12.jar:/Users/comte0/.m2/repository/org/springframework/spring-expression/5.3.12/spring-expression-5.3.12.jar:/Users/comte0/.m2/repository/org/springframework/boot/spring-boot-starter-thymeleaf/2.5.6/spring-boot-starter-thymeleaf-2.5.6.jar:/Users/comte0/.m2/repository/org/thymeleaf/thymeleaf-spring5/3.0.12.RELEASE/thymeleaf-spring5-3.0.12.RELEASE.jar:/Users/comte0/.m2/repository/org/springframework/boot/spring-boot-starter-security/2.5.6/spring-boot-starter-security-2.5.6.jar:/Users/comte0/.m2/repository/org/springframework/spring-aop/5.3.12/spring-aop-5.3.12.jar:/Users/comte0/.m2/repository/org/springframework/security/spring-security-config/5.5.3/spring-security-config-5.5.3.jar:/Users/comte0/.m2/repository/org/springframework/security/spring-security-web/5.5.3/spring-security-web-5.5.3.jar:/Users/comte0/.m2/repository/org/springframework/boot/spring-boot-devtools/2.5.6/spring-boot-devtools-2.5.6.jar:/Users/comte0/.m2/repository/org/springframework/boot/spring-boot/2.5.6/spring-boot-2.5.6.jar:/Users/comte0/.m2/repository/org/springframework/boot/spring-boot-autoconfigure/2.5.6/spring-boot-autoconfigure-2.5.6.jar:/Users/comte0/.m2/repository/mysql/mysql-connector-java/8.0.27/mysql-connector-java-8.0.27.jar:/Users/comte0/.m2/repository/com/h2database/h2/1.4.200/h2-1.4.200.jar:/Users/comte0/.m2/repository/org/springframework/boot/spring-boot-starter-validation/2.5.3/spring-boot-starter-validation-2.5.3.jar:/Users/comte0/.m2/repository/org/apache/tomcat/embed/tomcat-embed-el/9.0.54/tomcat-embed-el-9.0.54.jar:/Users/comte0/.m2/repository/org/hibernate/validator/hibernate-validator/6.2.0.Final/hibernate-validator-6.2.0.Final.jar:/Users/comte0/.m2/repository/jakarta/validation/jakarta.validation-api/2.0.2/jakarta.validation-api-2.0.2.jar:/Users/comte0/.m2/repository/org/junit/jupiter/junit-jupiter-engine/5.7.2/junit-jupiter-engine-5.7.2.jar:/Users/comte0/.m2/repository/org/apiguardian/apiguardian-api/1.1.0/apiguardian-api-1.1.0.jar:/Users/comte0/.m2/repository/org/junit/platform/junit-platform-engine/1.7.2/junit-platform-engine-1.7.2.jar:/Users/comte0/.m2/repository/org/opentest4j/opentest4j/1.2.0/opentest4j-1.2.0.jar:/Users/comte0/.m2/repository/org/junit/platform/junit-platform-commons/1.7.2/junit-platform-commons-1.7.2.jar:/Users/comte0/.m2/repository/org/junit/jupiter/junit-jupiter-api/5.7.2/junit-jupiter-api-5.7.2.jar:/Users/comte0/.m2/repository/org/projectlombok/lombok/1.18.22/lombok-1.18.22.jar:/Users/comte0/.m2/repository/org/thymeleaf/extras/thymeleaf-extras-java8time/3.0.4.RELEASE/thymeleaf-extras-java8time-3.0.4.RELEASE.jar:/Users/comte0/.m2/repository/org/thymeleaf/thymeleaf/3.0.12.RELEASE/thymeleaf-3.0.12.RELEASE.jar:/Users/comte0/.m2/repository/ognl/ognl/3.1.26/ognl-3.1.26.jar:/Users/comte0/.m2/repository/org/attoparser/attoparser/2.0.5.RELEASE/attoparser-2.0.5.RELEASE.jar:/Users/comte0/.m2/repository/org/unbescape/unbescape/1.1.6.RELEASE/unbescape-1.1.6.RELEASE.jar:/Users/comte0/.m2/repository/org/slf4j/slf4j-api/1.7.32/slf4j-api-1.7.32.jar:/Users/comte0/.m2/repository/org/springframework/boot/spring-boot-starter-oauth2-client/2.5.6/spring-boot-starter-oauth2-client-2.5.6.jar:/Users/comte0/.m2/repository/org/springframework/security/spring-security-core/5.5.3/spring-security-core-5.5.3.jar:/Users/comte0/.m2/repository/org/springframework/security/spring-security-crypto/5.5.3/spring-security-crypto-5.5.3.jar:/Users/comte0/.m2/repository/org/springframework/security/spring-security-oauth2-client/5.5.3/spring-security-oauth2-client-5.5.3.jar:/Users/comte0/.m2/repository/org/springframework/security/spring-security-oauth2-core/5.5.3/spring-security-oauth2-core-5.5.3.jar:/Users/comte0/.m2/repository/com/nimbusds/oauth2-oidc-sdk/9.9.1/oauth2-oidc-sdk-9.9.1.jar:/Users/comte0/.m2/repository/com/github/stephenc/jcip/jcip-annotations/1.0-1/jcip-annotations-1.0-1.jar:/Users/comte0/.m2/repository/com/nimbusds/content-type/2.1/content-type-2.1.jar:/Users/comte0/.m2/repository/com/nimbusds/lang-tag/1.5/lang-tag-1.5.jar:/Users/comte0/.m2/repository/org/springframework/security/spring-security-oauth2-jose/5.5.3/spring-security-oauth2-jose-5.5.3.jar:/Users/comte0/.m2/repository/com/nimbusds/nimbus-jose-jwt/9.10.1/nimbus-jose-jwt-9.10.1.jar:/Users/comte0/.m2/repository/org/springframework/spring-test/5.3.12/spring-test-5.3.12.jar:"/>
    <property name="sun.cpu.endian" value="little"/>
    <property name="user.home" value="/Users/comte0"/>
    <property name="user.language" value="fr"/>
    <property name="java.specification.vendor" value="Oracle Corporation"/>
    <property name="java.version.date" value="2022-09-20"/>
    <property name="java.home" value="/opt/homebrew/Cellar/openjdk/19/libexec/openjdk.jdk/Contents/Home"/>
    <property name="file.separator" value="/"/>
    <property name="basedir" value="/Users/comte0/openclassrooms/projet7"/>
    <property name="java.vm.compressedOopsMode" value="Zero based"/>
    <property name="line.separator" value="&#10;"/>
    <property name="java.vm.specification.vendor" value="Oracle Corporation"/>
    <property name="java.specification.name" value="Java Platform API Specification"/>
    <property name="apple.awt.application.name" value="ForkedBooter"/>
    <property name="surefire.real.class.path" value="/Users/comte0/openclassrooms/projet7/target/surefire/surefirebooter2273768528458423947.jar"/>
    <property name="sun.management.compiler" value="HotSpot 64-Bit Tiered Compilers"/>
    <property name="ftp.nonProxyHosts" value="local|*.local|169.254/16|*.169.254/16"/>
    <property name="java.runtime.version" value="19"/>
    <property name="user.name" value="comte0"/>
    <property name="stdout.encoding" value="UTF-8"/>
    <property name="path.separator" value=":"/>
    <property name="os.version" value="12.6"/>
    <property name="java.runtime.name" value="OpenJDK Runtime Environment"/>
    <property name="file.encoding" value="UTF-8"/>
    <property name="java.vm.name" value="OpenJDK 64-Bit Server VM"/>
    <property name="java.vendor.version" value="Homebrew"/>
    <property name="localRepository" value="/Users/comte0/.m2/repository"/>
    <property name="java.vendor.url.bug" value="https://github.com/Homebrew/homebrew-core/issues"/>
    <property name="java.io.tmpdir" value="/var/folders/tn/9bvtpwcj0tz89v4gq5nt70rh0000gn/T/"/>
    <property name="idea.version" value="2022.2.3"/>
    <property name="java.version" value="19"/>
    <property name="user.dir" value="/Users/comte0/openclassrooms/projet7"/>
    <property name="os.arch" value="aarch64"/>
    <property name="java.vm.specification.name" value="Java Virtual Machine Specification"/>
    <property name="native.encoding" value="UTF-8"/>
    <property name="java.library.path" value="/Users/comte0/Library/Java/Extensions:/Library/Java/Extensions:/Network/Library/Java/Extensions:/System/Library/Java/Extensions:/usr/lib/java:."/>
    <property name="java.vm.info" value="mixed mode, sharing"/>
    <property name="stderr.encoding" value="UTF-8"/>
    <property name="java.vendor" value="Homebrew"/>
    <property name="java.vm.version" value="19"/>
    <property name="sun.io.unicode.encoding" value="UnicodeBig"/>
    <property name="socksNonProxyHosts" value="local|*.local|169.254/16|*.169.254/16"/>
    <property name="java.class.version" value="63.0"/>
  </properties>
  <testcase name="curvePointValidateWihoutErrors" classname="com.nnk.springboot.controller.CurvePointControllerTests" time="0.004">
    <failure message="Status expected:&lt;302&gt; but was:&lt;404&gt;" type="java.lang.AssertionError"><![CDATA[java.lang.AssertionError: Status expected:<302> but was:<404>
	at com.nnk.springboot.controller.CurvePointControllerTests.curvePointValidateWihoutErrors(CurvePointControllerTests.java:67)
]]></failure>
    <system-out><![CDATA[2022-10-21 13:51:43.166  INFO 62171 --- [           main] .b.t.a.w.s.WebMvcTestContextBootstrapper : Neither @ContextConfiguration nor @ContextHierarchy found for test class [com.nnk.springboot.controller.CurvePointControllerTests], using SpringBootContextLoader
2022-10-21 13:51:43.166  INFO 62171 --- [           main] o.s.t.c.support.AbstractContextLoader    : Could not detect default resource locations for test class [com.nnk.springboot.controller.CurvePointControllerTests]: no resource found for suffixes {-context.xml, Context.groovy}.
2022-10-21 13:51:43.167  INFO 62171 --- [           main] t.c.s.AnnotationConfigContextLoaderUtils : Could not detect default configuration classes for test class [com.nnk.springboot.controller.CurvePointControllerTests]: CurvePointControllerTests does not declare any static, non-private, non-final, nested classes annotated with @Configuration.
2022-10-21 13:51:43.170  INFO 62171 --- [           main] .b.t.c.SpringBootTestContextBootstrapper : Found @SpringBootConfiguration com.nnk.springboot.Application for test class com.nnk.springboot.controller.CurvePointControllerTests
2022-10-21 13:51:43.170  INFO 62171 --- [           main] .b.t.a.w.s.WebMvcTestContextBootstrapper : Loaded default TestExecutionListener class names from location [META-INF/spring.factories]: [org.springframework.boot.test.mock.mockito.MockitoTestExecutionListener, org.springframework.boot.test.mock.mockito.ResetMocksTestExecutionListener, org.springframework.boot.test.autoconfigure.restdocs.RestDocsTestExecutionListener, org.springframework.boot.test.autoconfigure.web.client.MockRestServiceServerResetTestExecutionListener, org.springframework.boot.test.autoconfigure.web.servlet.MockMvcPrintOnlyOnFailureTestExecutionListener, org.springframework.boot.test.autoconfigure.web.servlet.WebDriverTestExecutionListener, org.springframework.boot.test.autoconfigure.webservices.client.MockWebServiceServerTestExecutionListener, org.springframework.test.context.web.ServletTestExecutionListener, org.springframework.test.context.support.DirtiesContextBeforeModesTestExecutionListener, org.springframework.test.context.event.ApplicationEventsTestExecutionListener, org.springframework.test.context.support.DependencyInjectionTestExecutionListener, org.springframework.test.context.support.DirtiesContextTestExecutionListener, org.springframework.test.context.transaction.TransactionalTestExecutionListener, org.springframework.test.context.jdbc.SqlScriptsTestExecutionListener, org.springframework.test.context.event.EventPublishingTestExecutionListener]
2022-10-21 13:51:43.170  INFO 62171 --- [           main] .b.t.a.w.s.WebMvcTestContextBootstrapper : Using TestExecutionListeners: [org.springframework.test.context.web.ServletTestExecutionListener@43a8dd9b, org.springframework.test.context.support.DirtiesContextBeforeModesTestExecutionListener@1c7159d5, org.springframework.test.context.event.ApplicationEventsTestExecutionListener@62cad0e8, org.springframework.boot.test.mock.mockito.MockitoTestExecutionListener@1659a0ff, org.springframework.boot.test.autoconfigure.SpringBootDependencyInjectionTestExecutionListener@1398e3aa, org.springframework.test.context.support.DirtiesContextTestExecutionListener@531bffd, org.springframework.test.context.transaction.TransactionalTestExecutionListener@31c87223, org.springframework.test.context.jdbc.SqlScriptsTestExecutionListener@6a4d72bd, org.springframework.test.context.event.EventPublishingTestExecutionListener@3e9c59ed, org.springframework.boot.test.mock.mockito.ResetMocksTestExecutionListener@365ad794, org.springframework.boot.test.autoconfigure.restdocs.RestDocsTestExecutionListener@4471f216, org.springframework.boot.test.autoconfigure.web.client.MockRestServiceServerResetTestExecutionListener@4528a8bf, org.springframework.boot.test.autoconfigure.web.servlet.MockMvcPrintOnlyOnFailureTestExecutionListener@1927c2c6, org.springframework.boot.test.autoconfigure.web.servlet.WebDriverTestExecutionListener@79a15001, org.springframework.boot.test.autoconfigure.webservices.client.MockWebServiceServerTestExecutionListener@320bfc61]

  .   ____          _            __ _ _
 /\\ / ___'_ __ _ _(_)_ __  __ _ \ \ \ \
( ( )\___ | '_ | '_| | '_ \/ _` | \ \ \ \
 \\/  ___)| |_)| | | | | || (_| |  ) ) ) )
  '  |____| .__|_| |_|_| |_\__, | / / / /
 =========|_|==============|___/=/_/_/_/
 :: Spring Boot ::                (v2.5.6)

2022-10-21 13:51:43.184  INFO 62171 --- [           main] c.n.s.c.CurvePointControllerTests        : Starting CurvePointControllerTests using Java 19 on MBP-de-Paul with PID 62171 (started by comte0 in /Users/comte0/openclassrooms/projet7)
2022-10-21 13:51:43.184  INFO 62171 --- [           main] c.n.s.c.CurvePointControllerTests        : No active profile set, falling back to default profiles: default
2022-10-21 13:51:43.409  INFO 62171 --- [           main] .s.s.UserDetailsServiceAutoConfiguration : 

Using generated security password: 134fd314-a039-45a4-8f5d-2e671cac0485

2022-10-21 13:51:43.434  INFO 62171 --- [           main] o.s.s.web.DefaultSecurityFilterChain     : Will secure any request with [org.springframework.security.web.context.request.async.WebAsyncManagerIntegrationFilter@70201785, org.springframework.security.web.context.SecurityContextPersistenceFilter@6231bb88, org.springframework.security.web.header.HeaderWriterFilter@5891bd6d, org.springframework.security.web.csrf.CsrfFilter@2c05ccdb, org.springframework.security.web.authentication.logout.LogoutFilter@185b998d, org.springframework.security.web.authentication.UsernamePasswordAuthenticationFilter@7d97a1a0, org.springframework.security.web.authentication.ui.DefaultLoginPageGeneratingFilter@834944, org.springframework.security.web.authentication.ui.DefaultLogoutPageGeneratingFilter@24c04958, org.springframework.security.web.authentication.www.BasicAuthenticationFilter@7b4791d9, org.springframework.security.web.savedrequest.RequestCacheAwareFilter@331886ac, org.springframework.security.web.servletapi.SecurityContextHolderAwareRequestFilter@66373f77, org.springframework.security.web.authentication.AnonymousAuthenticationFilter@649a76c1, org.springframework.security.web.session.SessionManagementFilter@6050d04d, org.springframework.security.web.access.ExceptionTranslationFilter@5d71813b, org.springframework.security.web.access.intercept.FilterSecurityInterceptor@7cd50c3d]
2022-10-21 13:51:43.457  INFO 62171 --- [           main] o.s.b.t.m.w.SpringBootMockServletContext : Initializing Spring TestDispatcherServlet ''
2022-10-21 13:51:43.457  INFO 62171 --- [           main] o.s.t.web.servlet.TestDispatcherServlet  : Initializing Servlet ''
2022-10-21 13:51:43.458  INFO 62171 --- [           main] o.s.t.web.servlet.TestDispatcherServlet  : Completed initialization in 1 ms
2022-10-21 13:51:43.464  INFO 62171 --- [           main] c.n.s.c.CurvePointControllerTests        : Started CurvePointControllerTests in 0.292 seconds (JVM running for 4.537)

MockHttpServletRequest:
      HTTP Method = POST
      Request URI = /CurvePoint/validate
       Parameters = {curveId=[42]}
          Headers = []
             Body = <no character encoding set>
    Session Attrs = {}

Handler:
             Type = org.springframework.web.servlet.resource.ResourceHttpRequestHandler

Async:
    Async started = false
     Async result = null

Resolved Exception:
             Type = null

ModelAndView:
        View name = null
             View = null
            Model = null

FlashMap:
       Attributes = null

MockHttpServletResponse:
           Status = 404
    Error message = null
          Headers = [Vary:"Origin", "Access-Control-Request-Method", "Access-Control-Request-Headers"]
     Content type = null
             Body = 
    Forwarded URL = null
   Redirected URL = null
          Cookies = []
]]></system-out>
  </testcase>
  <testcase name="curvePointList" classname="com.nnk.springboot.controller.CurvePointControllerTests" time="0.004">
    <failure message="Status expected:&lt;200&gt; but was:&lt;404&gt;" type="java.lang.AssertionError"><![CDATA[java.lang.AssertionError: Status expected:<200> but was:<404>
	at com.nnk.springboot.controller.CurvePointControllerTests.curvePointList(CurvePointControllerTests.java:50)
]]></failure>
    <system-out><![CDATA[
MockHttpServletRequest:
      HTTP Method = GET
      Request URI = /CurvePoint/list
       Parameters = {}
          Headers = []
             Body = <no character encoding set>
    Session Attrs = {}

Handler:
             Type = org.springframework.web.servlet.resource.ResourceHttpRequestHandler

Async:
    Async started = false
     Async result = null

Resolved Exception:
             Type = null

ModelAndView:
        View name = null
             View = null
            Model = null

FlashMap:
       Attributes = null

MockHttpServletResponse:
           Status = 404
    Error message = null
          Headers = [Vary:"Origin", "Access-Control-Request-Method", "Access-Control-Request-Headers"]
     Content type = null
             Body = 
    Forwarded URL = null
   Redirected URL = null
          Cookies = []
]]></system-out>
  </testcase>
  <testcase name="curvePointPostUpdateWithException" classname="com.nnk.springboot.controller.CurvePointControllerTests" time="0.004">
    <failure message="Status expected:&lt;302&gt; but was:&lt;404&gt;" type="java.lang.AssertionError"><![CDATA[java.lang.AssertionError: Status expected:<302> but was:<404>
	at com.nnk.springboot.controller.CurvePointControllerTests.curvePointPostUpdateWithException(CurvePointControllerTests.java:127)
]]></failure>
    <system-out><![CDATA[
MockHttpServletRequest:
      HTTP Method = POST
      Request URI = /CurvePoint/update/42
       Parameters = {curveId=[42]}
          Headers = []
             Body = <no character encoding set>
    Session Attrs = {}

Handler:
             Type = org.springframework.web.servlet.resource.ResourceHttpRequestHandler

Async:
    Async started = false
     Async result = null

Resolved Exception:
             Type = null

ModelAndView:
        View name = null
             View = null
            Model = null

FlashMap:
       Attributes = null

MockHttpServletResponse:
           Status = 404
    Error message = null
          Headers = [Vary:"Origin", "Access-Control-Request-Method", "Access-Control-Request-Headers"]
     Content type = null
             Body = 
    Forwarded URL = null
   Redirected URL = null
          Cookies = []
]]></system-out>
  </testcase>
  <testcase name="failUrl" classname="com.nnk.springboot.controller.CurvePointControllerTests" time="0.006"/>
  <testcase name="curvePointGetUpdateWithoutErrors" classname="com.nnk.springboot.controller.CurvePointControllerTests" time="0.023">
    <failure message="Status expected:&lt;200&gt; but was:&lt;404&gt;" type="java.lang.AssertionError"><![CDATA[java.lang.AssertionError: Status expected:<200> but was:<404>
	at com.nnk.springboot.controller.CurvePointControllerTests.curvePointGetUpdateWithoutErrors(CurvePointControllerTests.java:87)
]]></failure>
    <system-out><![CDATA[
MockHttpServletRequest:
      HTTP Method = GET
      Request URI = /CurvePoint/update/42
       Parameters = {}
          Headers = []
             Body = <no character encoding set>
    Session Attrs = {}

Handler:
             Type = org.springframework.web.servlet.resource.ResourceHttpRequestHandler

Async:
    Async started = false
     Async result = null

Resolved Exception:
             Type = null

ModelAndView:
        View name = null
             View = null
            Model = null

FlashMap:
       Attributes = null

MockHttpServletResponse:
           Status = 404
    Error message = null
          Headers = [Vary:"Origin", "Access-Control-Request-Method", "Access-Control-Request-Headers"]
     Content type = null
             Body = 
    Forwarded URL = null
   Redirected URL = null
          Cookies = []
]]></system-out>
    <system-err><![CDATA[java.lang.instrument.IllegalClassFormatException: Error while instrumenting java/sql/Timestamp.
	at org.jacoco.agent.rt.internal_f3994fa.CoverageTransformer.transform(CoverageTransformer.java:94)
	at java.instrument/java.lang.instrument.ClassFileTransformer.transform(ClassFileTransformer.java:244)
	at java.instrument/sun.instrument.TransformerManager.transform(TransformerManager.java:188)
	at java.instrument/sun.instrument.InstrumentationImpl.transform(InstrumentationImpl.java:541)
	at java.base/java.lang.ClassLoader.defineClass2(Native Method)
	at java.base/java.lang.ClassLoader.defineClass(ClassLoader.java:1104)
	at java.base/java.security.SecureClassLoader.defineClass(SecureClassLoader.java:182)
	at java.base/jdk.internal.loader.BuiltinClassLoader.defineClass(BuiltinClassLoader.java:821)
	at java.base/jdk.internal.loader.BuiltinClassLoader.findClassInModuleOrNull(BuiltinClassLoader.java:741)
	at java.base/jdk.internal.loader.BuiltinClassLoader.loadClassOrNull(BuiltinClassLoader.java:665)
	at java.base/jdk.internal.loader.BuiltinClassLoader.loadClassOrNull(BuiltinClassLoader.java:700)
	at java.base/jdk.internal.loader.BuiltinClassLoader.loadClassOrNull(BuiltinClassLoader.java:669)
	at java.base/jdk.internal.loader.BuiltinClassLoader.loadClass(BuiltinClassLoader.java:639)
	at java.base/jdk.internal.loader.ClassLoaders$AppClassLoader.loadClass(ClassLoaders.java:188)
	at java.base/java.lang.ClassLoader.loadClass(ClassLoader.java:521)
	at com.nnk.springboot.controller.CurvePointControllerTests.curvePointGetUpdateWithoutErrors(CurvePointControllerTests.java:83)
	at java.base/jdk.internal.reflect.DirectMethodHandleAccessor.invoke(DirectMethodHandleAccessor.java:104)
	at java.base/java.lang.reflect.Method.invoke(Method.java:578)
	at org.junit.platform.commons.util.ReflectionUtils.invokeMethod(ReflectionUtils.java:688)
	at org.junit.jupiter.engine.execution.MethodInvocation.proceed(MethodInvocation.java:60)
	at org.junit.jupiter.engine.execution.InvocationInterceptorChain$ValidatingInvocation.proceed(InvocationInterceptorChain.java:131)
	at org.junit.jupiter.engine.extension.TimeoutExtension.intercept(TimeoutExtension.java:149)
	at org.junit.jupiter.engine.extension.TimeoutExtension.interceptTestableMethod(TimeoutExtension.java:140)
	at org.junit.jupiter.engine.extension.TimeoutExtension.interceptTestMethod(TimeoutExtension.java:84)
	at org.junit.jupiter.engine.execution.ExecutableInvoker$ReflectiveInterceptorCall.lambda$ofVoidMethod$0(ExecutableInvoker.java:115)
	at org.junit.jupiter.engine.execution.ExecutableInvoker.lambda$invoke$0(ExecutableInvoker.java:105)
	at org.junit.jupiter.engine.execution.InvocationInterceptorChain$InterceptedInvocation.proceed(InvocationInterceptorChain.java:106)
	at org.junit.jupiter.engine.execution.InvocationInterceptorChain.proceed(InvocationInterceptorChain.java:64)
	at org.junit.jupiter.engine.execution.InvocationInterceptorChain.chainAndInvoke(InvocationInterceptorChain.java:45)
	at org.junit.jupiter.engine.execution.InvocationInterceptorChain.invoke(InvocationInterceptorChain.java:37)
	at org.junit.jupiter.engine.execution.ExecutableInvoker.invoke(ExecutableInvoker.java:104)
	at org.junit.jupiter.engine.execution.ExecutableInvoker.invoke(ExecutableInvoker.java:98)
	at org.junit.jupiter.engine.descriptor.TestMethodTestDescriptor.lambda$invokeTestMethod$6(TestMethodTestDescriptor.java:210)
	at org.junit.platform.engine.support.hierarchical.ThrowableCollector.execute(ThrowableCollector.java:73)
	at org.junit.jupiter.engine.descriptor.TestMethodTestDescriptor.invokeTestMethod(TestMethodTestDescriptor.java:206)
	at org.junit.jupiter.engine.descriptor.TestMethodTestDescriptor.execute(TestMethodTestDescriptor.java:131)
	at org.junit.jupiter.engine.descriptor.TestMethodTestDescriptor.execute(TestMethodTestDescriptor.java:65)
	at org.junit.platform.engine.support.hierarchical.NodeTestTask.lambda$executeRecursively$5(NodeTestTask.java:139)
	at org.junit.platform.engine.support.hierarchical.ThrowableCollector.execute(ThrowableCollector.java:73)
	at org.junit.platform.engine.support.hierarchical.NodeTestTask.lambda$executeRecursively$7(NodeTestTask.java:129)
	at org.junit.platform.engine.support.hierarchical.Node.around(Node.java:137)
	at org.junit.platform.engine.support.hierarchical.NodeTestTask.lambda$executeRecursively$8(NodeTestTask.java:127)
	at org.junit.platform.engine.support.hierarchical.ThrowableCollector.execute(ThrowableCollector.java:73)
	at org.junit.platform.engine.support.hierarchical.NodeTestTask.executeRecursively(NodeTestTask.java:126)
	at org.junit.platform.engine.support.hierarchical.NodeTestTask.execute(NodeTestTask.java:84)
	at java.base/java.util.ArrayList.forEach(ArrayList.java:1511)
	at org.junit.platform.engine.support.hierarchical.SameThreadHierarchicalTestExecutorService.invokeAll(SameThreadHierarchicalTestExecutorService.java:38)
	at org.junit.platform.engine.support.hierarchical.NodeTestTask.lambda$executeRecursively$5(NodeTestTask.java:143)
	at org.junit.platform.engine.support.hierarchical.ThrowableCollector.execute(ThrowableCollector.java:73)
	at org.junit.platform.engine.support.hierarchical.NodeTestTask.lambda$executeRecursively$7(NodeTestTask.java:129)
	at org.junit.platform.engine.support.hierarchical.Node.around(Node.java:137)
	at org.junit.platform.engine.support.hierarchical.NodeTestTask.lambda$executeRecursively$8(NodeTestTask.java:127)
	at org.junit.platform.engine.support.hierarchical.ThrowableCollector.execute(ThrowableCollector.java:73)
	at org.junit.platform.engine.support.hierarchical.NodeTestTask.executeRecursively(NodeTestTask.java:126)
	at org.junit.platform.engine.support.hierarchical.NodeTestTask.execute(NodeTestTask.java:84)
	at java.base/java.util.ArrayList.forEach(ArrayList.java:1511)
	at org.junit.platform.engine.support.hierarchical.SameThreadHierarchicalTestExecutorService.invokeAll(SameThreadHierarchicalTestExecutorService.java:38)
	at org.junit.platform.engine.support.hierarchical.NodeTestTask.lambda$executeRecursively$5(NodeTestTask.java:143)
	at org.junit.platform.engine.support.hierarchical.ThrowableCollector.execute(ThrowableCollector.java:73)
	at org.junit.platform.engine.support.hierarchical.NodeTestTask.lambda$executeRecursively$7(NodeTestTask.java:129)
	at org.junit.platform.engine.support.hierarchical.Node.around(Node.java:137)
	at org.junit.platform.engine.support.hierarchical.NodeTestTask.lambda$executeRecursively$8(NodeTestTask.java:127)
	at org.junit.platform.engine.support.hierarchical.ThrowableCollector.execute(ThrowableCollector.java:73)
	at org.junit.platform.engine.support.hierarchical.NodeTestTask.executeRecursively(NodeTestTask.java:126)
	at org.junit.platform.engine.support.hierarchical.NodeTestTask.execute(NodeTestTask.java:84)
	at org.junit.platform.engine.support.hierarchical.SameThreadHierarchicalTestExecutorService.submit(SameThreadHierarchicalTestExecutorService.java:32)
	at org.junit.platform.engine.support.hierarchical.HierarchicalTestExecutor.execute(HierarchicalTestExecutor.java:57)
	at org.junit.platform.engine.support.hierarchical.HierarchicalTestEngine.execute(HierarchicalTestEngine.java:51)
	at org.junit.platform.launcher.core.DefaultLauncher.execute(DefaultLauncher.java:220)
	at org.junit.platform.launcher.core.DefaultLauncher.lambda$execute$6(DefaultLauncher.java:188)
	at org.junit.platform.launcher.core.DefaultLauncher.withInterceptedStreams(DefaultLauncher.java:202)
	at org.junit.platform.launcher.core.DefaultLauncher.execute(DefaultLauncher.java:181)
	at org.junit.platform.launcher.core.DefaultLauncher.execute(DefaultLauncher.java:128)
	at org.apache.maven.surefire.junitplatform.JUnitPlatformProvider.invokeAllTests(JUnitPlatformProvider.java:150)
	at org.apache.maven.surefire.junitplatform.JUnitPlatformProvider.invoke(JUnitPlatformProvider.java:124)
	at org.apache.maven.surefire.booter.ForkedBooter.invokeProviderInSameClassLoader(ForkedBooter.java:384)
	at org.apache.maven.surefire.booter.ForkedBooter.runSuitesInProcess(ForkedBooter.java:345)
	at org.apache.maven.surefire.booter.ForkedBooter.execute(ForkedBooter.java:126)
	at org.apache.maven.surefire.booter.ForkedBooter.main(ForkedBooter.java:418)
Caused by: java.io.IOException: Error while instrumenting java/sql/Timestamp.
	at org.jacoco.agent.rt.internal_f3994fa.core.instr.Instrumenter.instrumentError(Instrumenter.java:160)
	at org.jacoco.agent.rt.internal_f3994fa.core.instr.Instrumenter.instrument(Instrumenter.java:110)
	at org.jacoco.agent.rt.internal_f3994fa.CoverageTransformer.transform(CoverageTransformer.java:92)
	... 78 more
Caused by: java.lang.IllegalArgumentException: Unsupported class file major version 63
	at org.jacoco.agent.rt.internal_f3994fa.asm.ClassReader.<init>(ClassReader.java:196)
	at org.jacoco.agent.rt.internal_f3994fa.asm.ClassReader.<init>(ClassReader.java:177)
	at org.jacoco.agent.rt.internal_f3994fa.asm.ClassReader.<init>(ClassReader.java:163)
	at org.jacoco.agent.rt.internal_f3994fa.core.internal.instr.InstrSupport.classReaderFor(InstrSupport.java:280)
	at org.jacoco.agent.rt.internal_f3994fa.core.instr.Instrumenter.instrument(Instrumenter.java:76)
	at org.jacoco.agent.rt.internal_f3994fa.core.instr.Instrumenter.instrument(Instrumenter.java:108)
	... 79 more
]]></system-err>
  </testcase>
  <testcase name="curvePointPostUpdateWithoutErrors" classname="com.nnk.springboot.controller.CurvePointControllerTests" time="0.001">
    <failure message="Status expected:&lt;302&gt; but was:&lt;404&gt;" type="java.lang.AssertionError"><![CDATA[java.lang.AssertionError: Status expected:<302> but was:<404>
	at com.nnk.springboot.controller.CurvePointControllerTests.curvePointPostUpdateWithoutErrors(CurvePointControllerTests.java:109)
]]></failure>
    <system-out><![CDATA[
MockHttpServletRequest:
      HTTP Method = POST
      Request URI = /CurvePoint/update/42
       Parameters = {curveId=[42]}
          Headers = []
             Body = <no character encoding set>
    Session Attrs = {}

Handler:
             Type = org.springframework.web.servlet.resource.ResourceHttpRequestHandler

Async:
    Async started = false
     Async result = null

Resolved Exception:
             Type = null

ModelAndView:
        View name = null
             View = null
            Model = null

FlashMap:
       Attributes = null

MockHttpServletResponse:
           Status = 404
    Error message = null
          Headers = [Vary:"Origin", "Access-Control-Request-Method", "Access-Control-Request-Headers"]
     Content type = null
             Body = 
    Forwarded URL = null
   Redirected URL = null
          Cookies = []
]]></system-out>
  </testcase>
  <testcase name="curvePointGetUpdateWithErrors" classname="com.nnk.springboot.controller.CurvePointControllerTests" time="0.003">
    <failure message="Status expected:&lt;302&gt; but was:&lt;404&gt;" type="java.lang.AssertionError"><![CDATA[java.lang.AssertionError: Status expected:<302> but was:<404>
	at com.nnk.springboot.controller.CurvePointControllerTests.curvePointGetUpdateWithErrors(CurvePointControllerTests.java:98)
]]></failure>
    <system-out><![CDATA[
MockHttpServletRequest:
      HTTP Method = GET
      Request URI = /CurvePoint/update/42
       Parameters = {}
          Headers = []
             Body = <no character encoding set>
    Session Attrs = {}

Handler:
             Type = org.springframework.web.servlet.resource.ResourceHttpRequestHandler

Async:
    Async started = false
     Async result = null

Resolved Exception:
             Type = null

ModelAndView:
        View name = null
             View = null
            Model = null

FlashMap:
       Attributes = null

MockHttpServletResponse:
           Status = 404
    Error message = null
          Headers = [Vary:"Origin", "Access-Control-Request-Method", "Access-Control-Request-Headers"]
     Content type = null
             Body = 
    Forwarded URL = null
   Redirected URL = null
          Cookies = []
]]></system-out>
  </testcase>
  <testcase name="curvePointDelete" classname="com.nnk.springboot.controller.CurvePointControllerTests" time="0.001">
    <failure message="Status expected:&lt;302&gt; but was:&lt;404&gt;" type="java.lang.AssertionError"><![CDATA[java.lang.AssertionError: Status expected:<302> but was:<404>
	at com.nnk.springboot.controller.CurvePointControllerTests.curvePointDelete(CurvePointControllerTests.java:138)
]]></failure>
    <system-out><![CDATA[
MockHttpServletRequest:
      HTTP Method = GET
      Request URI = /CurvePoint/delete/42
       Parameters = {}
          Headers = []
             Body = <no character encoding set>
    Session Attrs = {}

Handler:
             Type = org.springframework.web.servlet.resource.ResourceHttpRequestHandler

Async:
    Async started = false
     Async result = null

Resolved Exception:
             Type = null

ModelAndView:
        View name = null
             View = null
            Model = null

FlashMap:
       Attributes = null

MockHttpServletResponse:
           Status = 404
    Error message = null
          Headers = [Vary:"Origin", "Access-Control-Request-Method", "Access-Control-Request-Headers"]
     Content type = null
             Body = 
    Forwarded URL = null
   Redirected URL = null
          Cookies = []
]]></system-out>
  </testcase>
  <testcase name="curvePointValidateWithErrors" classname="com.nnk.springboot.controller.CurvePointControllerTests" time="0.002">
    <failure message="Status expected:&lt;200&gt; but was:&lt;404&gt;" type="java.lang.AssertionError"><![CDATA[java.lang.AssertionError: Status expected:<200> but was:<404>
	at com.nnk.springboot.controller.CurvePointControllerTests.curvePointValidateWithErrors(CurvePointControllerTests.java:77)
]]></failure>
    <system-out><![CDATA[
MockHttpServletRequest:
      HTTP Method = POST
      Request URI = /CurvePoint/validate
       Parameters = {curveId=[toto]}
          Headers = []
             Body = <no character encoding set>
    Session Attrs = {}

Handler:
             Type = org.springframework.web.servlet.resource.ResourceHttpRequestHandler

Async:
    Async started = false
     Async result = null

Resolved Exception:
             Type = null

ModelAndView:
        View name = null
             View = null
            Model = null

FlashMap:
       Attributes = null

MockHttpServletResponse:
           Status = 404
    Error message = null
          Headers = [Vary:"Origin", "Access-Control-Request-Method", "Access-Control-Request-Headers"]
     Content type = null
             Body = 
    Forwarded URL = null
   Redirected URL = null
          Cookies = []
]]></system-out>
  </testcase>
  <testcase name="curvePointAdd" classname="com.nnk.springboot.controller.CurvePointControllerTests" time="0.003">
    <failure message="Status expected:&lt;200&gt; but was:&lt;404&gt;" type="java.lang.AssertionError"><![CDATA[java.lang.AssertionError: Status expected:<200> but was:<404>
	at com.nnk.springboot.controller.CurvePointControllerTests.curvePointAdd(CurvePointControllerTests.java:57)
]]></failure>
    <system-out><![CDATA[
MockHttpServletRequest:
      HTTP Method = GET
      Request URI = /CurvePoint/add
       Parameters = {}
          Headers = []
             Body = <no character encoding set>
    Session Attrs = {}

Handler:
             Type = org.springframework.web.servlet.resource.ResourceHttpRequestHandler

Async:
    Async started = false
     Async result = null

Resolved Exception:
             Type = null

ModelAndView:
        View name = null
             View = null
            Model = null

FlashMap:
       Attributes = null

MockHttpServletResponse:
           Status = 404
    Error message = null
          Headers = [Vary:"Origin", "Access-Control-Request-Method", "Access-Control-Request-Headers"]
     Content type = null
             Body = 
    Forwarded URL = null
   Redirected URL = null
          Cookies = []
]]></system-out>
  </testcase>
  <testcase name="curvePointPostUpdateWithErrors" classname="com.nnk.springboot.controller.CurvePointControllerTests" time="0.003">
    <failure message="Status expected:&lt;200&gt; but was:&lt;404&gt;" type="java.lang.AssertionError"><![CDATA[java.lang.AssertionError: Status expected:<200> but was:<404>
	at com.nnk.springboot.controller.CurvePointControllerTests.curvePointPostUpdateWithErrors(CurvePointControllerTests.java:117)
]]></failure>
    <system-out><![CDATA[
MockHttpServletRequest:
      HTTP Method = POST
      Request URI = /CurvePoint/update/42
       Parameters = {curveId=[a]}
          Headers = []
             Body = <no character encoding set>
    Session Attrs = {}

Handler:
             Type = org.springframework.web.servlet.resource.ResourceHttpRequestHandler

Async:
    Async started = false
     Async result = null

Resolved Exception:
             Type = null

ModelAndView:
        View name = null
             View = null
            Model = null

FlashMap:
       Attributes = null

MockHttpServletResponse:
           Status = 404
    Error message = null
          Headers = [Vary:"Origin", "Access-Control-Request-Method", "Access-Control-Request-Headers"]
     Content type = null
             Body = 
    Forwarded URL = null
   Redirected URL = null
          Cookies = []
]]></system-out>
  </testcase>
</testsuite>